{"C:\\Users\\Edgar\\Desktop\\Camp de Boot\\iReporter\\build\\test\\testAPIs.js":{"path":"C:\\Users\\Edgar\\Desktop\\Camp de Boot\\iReporter\\build\\test\\testAPIs.js","statementMap":{"0":{"start":{"line":3,"column":12},"end":{"line":3,"column":27}},"1":{"start":{"line":5,"column":13},"end":{"line":5,"column":42}},"2":{"start":{"line":7,"column":16},"end":{"line":7,"column":36}},"3":{"start":{"line":9,"column":17},"end":{"line":9,"column":50}},"4":{"start":{"line":11,"column":13},"end":{"line":11,"column":35}},"5":{"start":{"line":13,"column":14},"end":{"line":13,"column":44}},"6":{"start":{"line":15,"column":39},"end":{"line":15,"column":93}},"7":{"start":{"line":17,"column":0},"end":{"line":17,"column":39}},"8":{"start":{"line":19,"column":0},"end":{"line":191,"column":3}},"9":{"start":{"line":21,"column":4},"end":{"line":112,"column":7}},"10":{"start":{"line":24,"column":8},"end":{"line":38,"column":11}},"11":{"start":{"line":25,"column":12},"end":{"line":37,"column":15}},"12":{"start":{"line":34,"column":16},"end":{"line":34,"column":59}},"13":{"start":{"line":35,"column":16},"end":{"line":35,"column":63}},"14":{"start":{"line":36,"column":16},"end":{"line":36,"column":67}},"15":{"start":{"line":40,"column":8},"end":{"line":48,"column":11}},"16":{"start":{"line":41,"column":12},"end":{"line":47,"column":15}},"17":{"start":{"line":45,"column":16},"end":{"line":45,"column":59}},"18":{"start":{"line":46,"column":16},"end":{"line":46,"column":63}},"19":{"start":{"line":50,"column":8},"end":{"line":58,"column":11}},"20":{"start":{"line":51,"column":12},"end":{"line":57,"column":15}},"21":{"start":{"line":55,"column":16},"end":{"line":55,"column":59}},"22":{"start":{"line":56,"column":16},"end":{"line":56,"column":63}},"23":{"start":{"line":60,"column":8},"end":{"line":72,"column":11}},"24":{"start":{"line":61,"column":12},"end":{"line":71,"column":15}},"25":{"start":{"line":68,"column":16},"end":{"line":68,"column":59}},"26":{"start":{"line":74,"column":8},"end":{"line":78,"column":11}},"27":{"start":{"line":75,"column":12},"end":{"line":77,"column":15}},"28":{"start":{"line":76,"column":16},"end":{"line":76,"column":59}},"29":{"start":{"line":80,"column":8},"end":{"line":85,"column":11}},"30":{"start":{"line":81,"column":12},"end":{"line":84,"column":15}},"31":{"start":{"line":82,"column":16},"end":{"line":82,"column":59}},"32":{"start":{"line":83,"column":16},"end":{"line":83,"column":63}},"33":{"start":{"line":87,"column":8},"end":{"line":95,"column":11}},"34":{"start":{"line":88,"column":12},"end":{"line":94,"column":15}},"35":{"start":{"line":92,"column":16},"end":{"line":92,"column":59}},"36":{"start":{"line":93,"column":16},"end":{"line":93,"column":63}},"37":{"start":{"line":97,"column":8},"end":{"line":104,"column":11}},"38":{"start":{"line":98,"column":12},"end":{"line":103,"column":15}},"39":{"start":{"line":101,"column":16},"end":{"line":101,"column":59}},"40":{"start":{"line":102,"column":16},"end":{"line":102,"column":63}},"41":{"start":{"line":106,"column":8},"end":{"line":111,"column":11}},"42":{"start":{"line":107,"column":12},"end":{"line":110,"column":15}},"43":{"start":{"line":108,"column":16},"end":{"line":108,"column":59}},"44":{"start":{"line":109,"column":16},"end":{"line":109,"column":63}},"45":{"start":{"line":114,"column":4},"end":{"line":168,"column":7}},"46":{"start":{"line":116,"column":8},"end":{"line":128,"column":11}},"47":{"start":{"line":117,"column":12},"end":{"line":127,"column":15}},"48":{"start":{"line":124,"column":16},"end":{"line":124,"column":59}},"49":{"start":{"line":130,"column":8},"end":{"line":134,"column":11}},"50":{"start":{"line":131,"column":12},"end":{"line":133,"column":15}},"51":{"start":{"line":132,"column":16},"end":{"line":132,"column":59}},"52":{"start":{"line":136,"column":8},"end":{"line":141,"column":11}},"53":{"start":{"line":137,"column":12},"end":{"line":140,"column":15}},"54":{"start":{"line":138,"column":16},"end":{"line":138,"column":59}},"55":{"start":{"line":139,"column":16},"end":{"line":139,"column":63}},"56":{"start":{"line":143,"column":8},"end":{"line":151,"column":11}},"57":{"start":{"line":144,"column":12},"end":{"line":150,"column":15}},"58":{"start":{"line":148,"column":16},"end":{"line":148,"column":59}},"59":{"start":{"line":149,"column":16},"end":{"line":149,"column":63}},"60":{"start":{"line":153,"column":8},"end":{"line":160,"column":11}},"61":{"start":{"line":154,"column":12},"end":{"line":159,"column":15}},"62":{"start":{"line":157,"column":16},"end":{"line":157,"column":59}},"63":{"start":{"line":158,"column":16},"end":{"line":158,"column":63}},"64":{"start":{"line":162,"column":8},"end":{"line":167,"column":11}},"65":{"start":{"line":163,"column":12},"end":{"line":166,"column":15}},"66":{"start":{"line":164,"column":16},"end":{"line":164,"column":59}},"67":{"start":{"line":165,"column":16},"end":{"line":165,"column":63}},"68":{"start":{"line":170,"column":4},"end":{"line":190,"column":7}},"69":{"start":{"line":171,"column":8},"end":{"line":179,"column":11}},"70":{"start":{"line":172,"column":12},"end":{"line":178,"column":15}},"71":{"start":{"line":176,"column":16},"end":{"line":176,"column":59}},"72":{"start":{"line":177,"column":16},"end":{"line":177,"column":63}},"73":{"start":{"line":181,"column":8},"end":{"line":189,"column":11}},"74":{"start":{"line":182,"column":12},"end":{"line":188,"column":15}},"75":{"start":{"line":186,"column":16},"end":{"line":186,"column":59}},"76":{"start":{"line":187,"column":16},"end":{"line":187,"column":63}}},"fnMap":{"0":{"name":"_interopRequireDefault","decl":{"start":{"line":15,"column":9},"end":{"line":15,"column":31}},"loc":{"start":{"line":15,"column":37},"end":{"line":15,"column":95}},"line":15},"1":{"name":"(anonymous_1)","decl":{"start":{"line":19,"column":34},"end":{"line":19,"column":35}},"loc":{"start":{"line":19,"column":46},"end":{"line":191,"column":1}},"line":19},"2":{"name":"(anonymous_2)","decl":{"start":{"line":21,"column":34},"end":{"line":21,"column":35}},"loc":{"start":{"line":21,"column":46},"end":{"line":112,"column":5}},"line":21},"3":{"name":"(anonymous_3)","decl":{"start":{"line":24,"column":31},"end":{"line":24,"column":32}},"loc":{"start":{"line":24,"column":43},"end":{"line":38,"column":9}},"line":24},"4":{"name":"(anonymous_4)","decl":{"start":{"line":33,"column":20},"end":{"line":33,"column":21}},"loc":{"start":{"line":33,"column":35},"end":{"line":37,"column":13}},"line":33},"5":{"name":"(anonymous_5)","decl":{"start":{"line":40,"column":47},"end":{"line":40,"column":48}},"loc":{"start":{"line":40,"column":59},"end":{"line":48,"column":9}},"line":40},"6":{"name":"(anonymous_6)","decl":{"start":{"line":44,"column":20},"end":{"line":44,"column":21}},"loc":{"start":{"line":44,"column":35},"end":{"line":47,"column":13}},"line":44},"7":{"name":"(anonymous_7)","decl":{"start":{"line":50,"column":51},"end":{"line":50,"column":52}},"loc":{"start":{"line":50,"column":63},"end":{"line":58,"column":9}},"line":50},"8":{"name":"(anonymous_8)","decl":{"start":{"line":54,"column":20},"end":{"line":54,"column":21}},"loc":{"start":{"line":54,"column":35},"end":{"line":57,"column":13}},"line":54},"9":{"name":"(anonymous_9)","decl":{"start":{"line":60,"column":39},"end":{"line":60,"column":40}},"loc":{"start":{"line":60,"column":51},"end":{"line":72,"column":9}},"line":60},"10":{"name":"(anonymous_10)","decl":{"start":{"line":67,"column":20},"end":{"line":67,"column":21}},"loc":{"start":{"line":67,"column":35},"end":{"line":71,"column":13}},"line":67},"11":{"name":"(anonymous_11)","decl":{"start":{"line":74,"column":32},"end":{"line":74,"column":33}},"loc":{"start":{"line":74,"column":44},"end":{"line":78,"column":9}},"line":74},"12":{"name":"(anonymous_12)","decl":{"start":{"line":75,"column":89},"end":{"line":75,"column":90}},"loc":{"start":{"line":75,"column":104},"end":{"line":77,"column":13}},"line":75},"13":{"name":"(anonymous_13)","decl":{"start":{"line":80,"column":38},"end":{"line":80,"column":39}},"loc":{"start":{"line":80,"column":50},"end":{"line":85,"column":9}},"line":80},"14":{"name":"(anonymous_14)","decl":{"start":{"line":81,"column":98},"end":{"line":81,"column":99}},"loc":{"start":{"line":81,"column":113},"end":{"line":84,"column":13}},"line":81},"15":{"name":"(anonymous_15)","decl":{"start":{"line":87,"column":39},"end":{"line":87,"column":40}},"loc":{"start":{"line":87,"column":51},"end":{"line":95,"column":9}},"line":87},"16":{"name":"(anonymous_16)","decl":{"start":{"line":91,"column":20},"end":{"line":91,"column":21}},"loc":{"start":{"line":91,"column":35},"end":{"line":94,"column":13}},"line":91},"17":{"name":"(anonymous_17)","decl":{"start":{"line":97,"column":38},"end":{"line":97,"column":39}},"loc":{"start":{"line":97,"column":50},"end":{"line":104,"column":9}},"line":97},"18":{"name":"(anonymous_18)","decl":{"start":{"line":100,"column":20},"end":{"line":100,"column":21}},"loc":{"start":{"line":100,"column":35},"end":{"line":103,"column":13}},"line":100},"19":{"name":"(anonymous_19)","decl":{"start":{"line":106,"column":32},"end":{"line":106,"column":33}},"loc":{"start":{"line":106,"column":44},"end":{"line":111,"column":9}},"line":106},"20":{"name":"(anonymous_20)","decl":{"start":{"line":107,"column":98},"end":{"line":107,"column":99}},"loc":{"start":{"line":107,"column":113},"end":{"line":110,"column":13}},"line":107},"21":{"name":"(anonymous_21)","decl":{"start":{"line":114,"column":35},"end":{"line":114,"column":36}},"loc":{"start":{"line":114,"column":47},"end":{"line":168,"column":5}},"line":114},"22":{"name":"(anonymous_22)","decl":{"start":{"line":116,"column":44},"end":{"line":116,"column":45}},"loc":{"start":{"line":116,"column":56},"end":{"line":128,"column":9}},"line":116},"23":{"name":"(anonymous_23)","decl":{"start":{"line":123,"column":20},"end":{"line":123,"column":21}},"loc":{"start":{"line":123,"column":35},"end":{"line":127,"column":13}},"line":123},"24":{"name":"(anonymous_24)","decl":{"start":{"line":130,"column":43},"end":{"line":130,"column":44}},"loc":{"start":{"line":130,"column":55},"end":{"line":134,"column":9}},"line":130},"25":{"name":"(anonymous_25)","decl":{"start":{"line":131,"column":93},"end":{"line":131,"column":94}},"loc":{"start":{"line":131,"column":108},"end":{"line":133,"column":13}},"line":131},"26":{"name":"(anonymous_26)","decl":{"start":{"line":136,"column":49},"end":{"line":136,"column":50}},"loc":{"start":{"line":136,"column":61},"end":{"line":141,"column":9}},"line":136},"27":{"name":"(anonymous_27)","decl":{"start":{"line":137,"column":102},"end":{"line":137,"column":103}},"loc":{"start":{"line":137,"column":117},"end":{"line":140,"column":13}},"line":137},"28":{"name":"(anonymous_28)","decl":{"start":{"line":143,"column":44},"end":{"line":143,"column":45}},"loc":{"start":{"line":143,"column":56},"end":{"line":151,"column":9}},"line":143},"29":{"name":"(anonymous_29)","decl":{"start":{"line":147,"column":20},"end":{"line":147,"column":21}},"loc":{"start":{"line":147,"column":35},"end":{"line":150,"column":13}},"line":147},"30":{"name":"(anonymous_30)","decl":{"start":{"line":153,"column":43},"end":{"line":153,"column":44}},"loc":{"start":{"line":153,"column":55},"end":{"line":160,"column":9}},"line":153},"31":{"name":"(anonymous_31)","decl":{"start":{"line":156,"column":20},"end":{"line":156,"column":21}},"loc":{"start":{"line":156,"column":35},"end":{"line":159,"column":13}},"line":156},"32":{"name":"(anonymous_32)","decl":{"start":{"line":162,"column":37},"end":{"line":162,"column":38}},"loc":{"start":{"line":162,"column":49},"end":{"line":167,"column":9}},"line":162},"33":{"name":"(anonymous_33)","decl":{"start":{"line":163,"column":102},"end":{"line":163,"column":103}},"loc":{"start":{"line":163,"column":117},"end":{"line":166,"column":13}},"line":163},"34":{"name":"(anonymous_34)","decl":{"start":{"line":170,"column":28},"end":{"line":170,"column":29}},"loc":{"start":{"line":170,"column":40},"end":{"line":190,"column":5}},"line":170},"35":{"name":"(anonymous_35)","decl":{"start":{"line":171,"column":41},"end":{"line":171,"column":42}},"loc":{"start":{"line":171,"column":53},"end":{"line":179,"column":9}},"line":171},"36":{"name":"(anonymous_36)","decl":{"start":{"line":175,"column":20},"end":{"line":175,"column":21}},"loc":{"start":{"line":175,"column":35},"end":{"line":178,"column":13}},"line":175},"37":{"name":"(anonymous_37)","decl":{"start":{"line":181,"column":41},"end":{"line":181,"column":42}},"loc":{"start":{"line":181,"column":53},"end":{"line":189,"column":9}},"line":181},"38":{"name":"(anonymous_38)","decl":{"start":{"line":185,"column":20},"end":{"line":185,"column":21}},"loc":{"start":{"line":185,"column":35},"end":{"line":188,"column":13}},"line":185}},"branchMap":{"0":{"loc":{"start":{"line":15,"column":46},"end":{"line":15,"column":92}},"type":"cond-expr","locations":[{"start":{"line":15,"column":70},"end":{"line":15,"column":73}},{"start":{"line":15,"column":76},"end":{"line":15,"column":92}}],"line":15},"1":{"loc":{"start":{"line":15,"column":46},"end":{"line":15,"column":67}},"type":"binary-expr","locations":[{"start":{"line":15,"column":46},"end":{"line":15,"column":49}},{"start":{"line":15,"column":53},"end":{"line":15,"column":67}}],"line":15}},"s":{"0":1,"1":1,"2":1,"3":1,"4":1,"5":1,"6":3,"7":1,"8":1,"9":1,"10":1,"11":1,"12":1,"13":1,"14":1,"15":1,"16":1,"17":1,"18":1,"19":1,"20":1,"21":1,"22":1,"23":1,"24":1,"25":1,"26":1,"27":1,"28":1,"29":1,"30":1,"31":1,"32":1,"33":1,"34":1,"35":1,"36":1,"37":1,"38":1,"39":1,"40":1,"41":1,"42":1,"43":1,"44":1,"45":1,"46":1,"47":1,"48":1,"49":1,"50":1,"51":1,"52":1,"53":1,"54":1,"55":1,"56":1,"57":1,"58":1,"59":1,"60":1,"61":1,"62":1,"63":1,"64":1,"65":1,"66":1,"67":1,"68":1,"69":1,"70":1,"71":1,"72":1,"73":1,"74":1,"75":1,"76":1},"f":{"0":3,"1":1,"2":1,"3":1,"4":1,"5":1,"6":1,"7":1,"8":1,"9":1,"10":1,"11":1,"12":1,"13":1,"14":1,"15":1,"16":1,"17":1,"18":1,"19":1,"20":1,"21":1,"22":1,"23":1,"24":1,"25":1,"26":1,"27":1,"28":1,"29":1,"30":1,"31":1,"32":1,"33":1,"34":1,"35":1,"36":1,"37":1,"38":1},"b":{"0":[1,2],"1":[3,3]},"_coverageSchema":"43e27e138ebf9cfc5966b082cf9a028302ed4184","hash":"9f0c155c37430e639fb83dd1ff198f65f26df9d2","contentHash":"cf406886892793ec0dc5a0c8d3b40b1f"},"C:\\Users\\Edgar\\Desktop\\Camp de Boot\\iReporter\\build\\index.js":{"path":"C:\\Users\\Edgar\\Desktop\\Camp de Boot\\iReporter\\build\\index.js","statementMap":{"0":{"start":{"line":3,"column":0},"end":{"line":5,"column":3}},"1":{"start":{"line":7,"column":15},"end":{"line":7,"column":33}},"2":{"start":{"line":9,"column":16},"end":{"line":9,"column":48}},"3":{"start":{"line":11,"column":12},"end":{"line":11,"column":27}},"4":{"start":{"line":13,"column":13},"end":{"line":13,"column":42}},"5":{"start":{"line":15,"column":22},"end":{"line":15,"column":65}},"6":{"start":{"line":17,"column":23},"end":{"line":17,"column":62}},"7":{"start":{"line":19,"column":25},"end":{"line":19,"column":71}},"8":{"start":{"line":21,"column":26},"end":{"line":21,"column":68}},"9":{"start":{"line":23,"column":30},"end":{"line":23,"column":81}},"10":{"start":{"line":25,"column":31},"end":{"line":25,"column":78}},"11":{"start":{"line":27,"column":23},"end":{"line":27,"column":67}},"12":{"start":{"line":29,"column":24},"end":{"line":29,"column":64}},"13":{"start":{"line":31,"column":39},"end":{"line":31,"column":93}},"14":{"start":{"line":33,"column":10},"end":{"line":33,"column":34}},"15":{"start":{"line":34,"column":0},"end":{"line":34,"column":34}},"16":{"start":{"line":37,"column":0},"end":{"line":37,"column":42}},"17":{"start":{"line":40,"column":0},"end":{"line":40,"column":65}},"18":{"start":{"line":41,"column":0},"end":{"line":41,"column":65}},"19":{"start":{"line":44,"column":0},"end":{"line":44,"column":66}},"20":{"start":{"line":45,"column":0},"end":{"line":45,"column":73}},"21":{"start":{"line":46,"column":0},"end":{"line":46,"column":83}},"22":{"start":{"line":47,"column":0},"end":{"line":47,"column":93}},"23":{"start":{"line":48,"column":0},"end":{"line":48,"column":91}},"24":{"start":{"line":49,"column":0},"end":{"line":49,"column":79}},"25":{"start":{"line":52,"column":0},"end":{"line":52,"column":75}},"26":{"start":{"line":53,"column":0},"end":{"line":53,"column":87}},"27":{"start":{"line":54,"column":0},"end":{"line":54,"column":97}},"28":{"start":{"line":55,"column":0},"end":{"line":55,"column":107}},"29":{"start":{"line":56,"column":0},"end":{"line":56,"column":105}},"30":{"start":{"line":57,"column":0},"end":{"line":57,"column":93}},"31":{"start":{"line":59,"column":0},"end":{"line":59,"column":69}},"32":{"start":{"line":61,"column":0},"end":{"line":61,"column":28}},"33":{"start":{"line":62,"column":0},"end":{"line":62,"column":22}}},"fnMap":{"0":{"name":"_interopRequireDefault","decl":{"start":{"line":31,"column":9},"end":{"line":31,"column":31}},"loc":{"start":{"line":31,"column":37},"end":{"line":31,"column":95}},"line":31}},"branchMap":{"0":{"loc":{"start":{"line":31,"column":46},"end":{"line":31,"column":92}},"type":"cond-expr","locations":[{"start":{"line":31,"column":70},"end":{"line":31,"column":73}},{"start":{"line":31,"column":76},"end":{"line":31,"column":92}}],"line":31},"1":{"loc":{"start":{"line":31,"column":46},"end":{"line":31,"column":67}},"type":"binary-expr","locations":[{"start":{"line":31,"column":46},"end":{"line":31,"column":49}},{"start":{"line":31,"column":53},"end":{"line":31,"column":67}}],"line":31},"2":{"loc":{"start":{"line":37,"column":16},"end":{"line":37,"column":40}},"type":"binary-expr","locations":[{"start":{"line":37,"column":16},"end":{"line":37,"column":32}},{"start":{"line":37,"column":36},"end":{"line":37,"column":40}}],"line":37}},"s":{"0":1,"1":1,"2":1,"3":1,"4":1,"5":1,"6":1,"7":1,"8":1,"9":1,"10":1,"11":1,"12":1,"13":6,"14":1,"15":1,"16":1,"17":1,"18":1,"19":1,"20":1,"21":1,"22":1,"23":1,"24":1,"25":1,"26":1,"27":1,"28":1,"29":1,"30":1,"31":1,"32":1,"33":1},"f":{"0":6},"b":{"0":[4,2],"1":[6,6],"2":[1,1]},"_coverageSchema":"43e27e138ebf9cfc5966b082cf9a028302ed4184","hash":"2884ef228b5e3e90584e48ac7f5785913afa6a29","contentHash":"24eaf035af760781e546fc96f7854d13"},"C:\\Users\\Edgar\\Desktop\\Camp de Boot\\iReporter\\build\\src\\controllers\\userController.js":{"path":"C:\\Users\\Edgar\\Desktop\\Camp de Boot\\iReporter\\build\\src\\controllers\\userController.js","statementMap":{"0":{"start":{"line":3,"column":0},"end":{"line":5,"column":3}},"1":{"start":{"line":7,"column":17},"end":{"line":7,"column":47}},"2":{"start":{"line":11,"column":11},"end":{"line":56,"column":1}},"3":{"start":{"line":13,"column":4},"end":{"line":15,"column":5}},"4":{"start":{"line":14,"column":6},"end":{"line":14,"column":129}},"5":{"start":{"line":16,"column":4},"end":{"line":18,"column":5}},"6":{"start":{"line":17,"column":6},"end":{"line":17,"column":126}},"7":{"start":{"line":19,"column":4},"end":{"line":21,"column":5}},"8":{"start":{"line":20,"column":6},"end":{"line":20,"column":95}},"9":{"start":{"line":22,"column":4},"end":{"line":24,"column":5}},"10":{"start":{"line":23,"column":6},"end":{"line":23,"column":123}},"11":{"start":{"line":25,"column":4},"end":{"line":27,"column":5}},"12":{"start":{"line":26,"column":6},"end":{"line":26,"column":118}},"13":{"start":{"line":28,"column":4},"end":{"line":30,"column":5}},"14":{"start":{"line":29,"column":6},"end":{"line":29,"column":119}},"15":{"start":{"line":31,"column":15},"end":{"line":31,"column":56}},"16":{"start":{"line":33,"column":19},"end":{"line":33,"column":48}},"17":{"start":{"line":34,"column":4},"end":{"line":34,"column":42}},"18":{"start":{"line":40,"column":4},"end":{"line":42,"column":5}},"19":{"start":{"line":41,"column":6},"end":{"line":41,"column":134}},"20":{"start":{"line":43,"column":4},"end":{"line":45,"column":5}},"21":{"start":{"line":44,"column":6},"end":{"line":44,"column":135}},"22":{"start":{"line":47,"column":17},"end":{"line":47,"column":88}},"23":{"start":{"line":48,"column":4},"end":{"line":54,"column":5}},"24":{"start":{"line":49,"column":21},"end":{"line":49,"column":94}},"25":{"start":{"line":50,"column":6},"end":{"line":50,"column":44}},"26":{"start":{"line":52,"column":22},"end":{"line":52,"column":53}},"27":{"start":{"line":53,"column":6},"end":{"line":53,"column":45}},"28":{"start":{"line":57,"column":0},"end":{"line":57,"column":23}}},"fnMap":{"0":{"name":"create","decl":{"start":{"line":12,"column":19},"end":{"line":12,"column":25}},"loc":{"start":{"line":12,"column":36},"end":{"line":35,"column":3}},"line":12},"1":{"name":"getUser","decl":{"start":{"line":39,"column":20},"end":{"line":39,"column":27}},"loc":{"start":{"line":39,"column":38},"end":{"line":55,"column":3}},"line":39}},"branchMap":{"0":{"loc":{"start":{"line":13,"column":4},"end":{"line":15,"column":5}},"type":"if","locations":[{"start":{"line":13,"column":4},"end":{"line":15,"column":5}},{"start":{"line":13,"column":4},"end":{"line":15,"column":5}}],"line":13},"1":{"loc":{"start":{"line":13,"column":8},"end":{"line":13,"column":127}},"type":"binary-expr","locations":[{"start":{"line":13,"column":8},"end":{"line":13,"column":27}},{"start":{"line":13,"column":31},"end":{"line":13,"column":60}},{"start":{"line":13,"column":64},"end":{"line":13,"column":94}},{"start":{"line":13,"column":98},"end":{"line":13,"column":127}}],"line":13},"2":{"loc":{"start":{"line":16,"column":4},"end":{"line":18,"column":5}},"type":"if","locations":[{"start":{"line":16,"column":4},"end":{"line":18,"column":5}},{"start":{"line":16,"column":4},"end":{"line":18,"column":5}}],"line":16},"3":{"loc":{"start":{"line":16,"column":8},"end":{"line":16,"column":123}},"type":"binary-expr","locations":[{"start":{"line":16,"column":8},"end":{"line":16,"column":26}},{"start":{"line":16,"column":30},"end":{"line":16,"column":58}},{"start":{"line":16,"column":62},"end":{"line":16,"column":91}},{"start":{"line":16,"column":95},"end":{"line":16,"column":123}}],"line":16},"4":{"loc":{"start":{"line":19,"column":4},"end":{"line":21,"column":5}},"type":"if","locations":[{"start":{"line":19,"column":4},"end":{"line":21,"column":5}},{"start":{"line":19,"column":4},"end":{"line":21,"column":5}}],"line":19},"5":{"loc":{"start":{"line":19,"column":8},"end":{"line":19,"column":82}},"type":"binary-expr","locations":[{"start":{"line":19,"column":8},"end":{"line":19,"column":23}},{"start":{"line":19,"column":27},"end":{"line":19,"column":52}},{"start":{"line":19,"column":56},"end":{"line":19,"column":82}}],"line":19},"6":{"loc":{"start":{"line":22,"column":4},"end":{"line":24,"column":5}},"type":"if","locations":[{"start":{"line":22,"column":4},"end":{"line":24,"column":5}},{"start":{"line":22,"column":4},"end":{"line":24,"column":5}}],"line":22},"7":{"loc":{"start":{"line":22,"column":8},"end":{"line":22,"column":171}},"type":"binary-expr","locations":[{"start":{"line":22,"column":8},"end":{"line":22,"column":29}},{"start":{"line":22,"column":33},"end":{"line":22,"column":65}},{"start":{"line":22,"column":69},"end":{"line":22,"column":101}},{"start":{"line":22,"column":105},"end":{"line":22,"column":136}},{"start":{"line":22,"column":140},"end":{"line":22,"column":171}}],"line":22},"8":{"loc":{"start":{"line":25,"column":4},"end":{"line":27,"column":5}},"type":"if","locations":[{"start":{"line":25,"column":4},"end":{"line":27,"column":5}},{"start":{"line":25,"column":4},"end":{"line":27,"column":5}}],"line":25},"9":{"loc":{"start":{"line":25,"column":8},"end":{"line":25,"column":123}},"type":"binary-expr","locations":[{"start":{"line":25,"column":8},"end":{"line":25,"column":26}},{"start":{"line":25,"column":30},"end":{"line":25,"column":58}},{"start":{"line":25,"column":62},"end":{"line":25,"column":91}},{"start":{"line":25,"column":95},"end":{"line":25,"column":123}}],"line":25},"10":{"loc":{"start":{"line":28,"column":4},"end":{"line":30,"column":5}},"type":"if","locations":[{"start":{"line":28,"column":4},"end":{"line":30,"column":5}},{"start":{"line":28,"column":4},"end":{"line":30,"column":5}}],"line":28},"11":{"loc":{"start":{"line":28,"column":8},"end":{"line":28,"column":123}},"type":"binary-expr","locations":[{"start":{"line":28,"column":8},"end":{"line":28,"column":26}},{"start":{"line":28,"column":30},"end":{"line":28,"column":58}},{"start":{"line":28,"column":62},"end":{"line":28,"column":91}},{"start":{"line":28,"column":95},"end":{"line":28,"column":123}}],"line":28},"12":{"loc":{"start":{"line":40,"column":4},"end":{"line":42,"column":5}},"type":"if","locations":[{"start":{"line":40,"column":4},"end":{"line":42,"column":5}},{"start":{"line":40,"column":4},"end":{"line":42,"column":5}}],"line":40},"13":{"loc":{"start":{"line":40,"column":8},"end":{"line":40,"column":123}},"type":"binary-expr","locations":[{"start":{"line":40,"column":8},"end":{"line":40,"column":26}},{"start":{"line":40,"column":30},"end":{"line":40,"column":58}},{"start":{"line":40,"column":62},"end":{"line":40,"column":91}},{"start":{"line":40,"column":95},"end":{"line":40,"column":123}}],"line":40},"14":{"loc":{"start":{"line":43,"column":4},"end":{"line":45,"column":5}},"type":"if","locations":[{"start":{"line":43,"column":4},"end":{"line":45,"column":5}},{"start":{"line":43,"column":4},"end":{"line":45,"column":5}}],"line":43},"15":{"loc":{"start":{"line":43,"column":8},"end":{"line":43,"column":123}},"type":"binary-expr","locations":[{"start":{"line":43,"column":8},"end":{"line":43,"column":26}},{"start":{"line":43,"column":30},"end":{"line":43,"column":58}},{"start":{"line":43,"column":62},"end":{"line":43,"column":91}},{"start":{"line":43,"column":95},"end":{"line":43,"column":123}}],"line":43},"16":{"loc":{"start":{"line":48,"column":4},"end":{"line":54,"column":5}},"type":"if","locations":[{"start":{"line":48,"column":4},"end":{"line":54,"column":5}},{"start":{"line":48,"column":4},"end":{"line":54,"column":5}}],"line":48}},"s":{"0":1,"1":1,"2":1,"3":1,"4":0,"5":1,"6":0,"7":1,"8":0,"9":1,"10":0,"11":1,"12":0,"13":1,"14":0,"15":1,"16":1,"17":1,"18":2,"19":0,"20":2,"21":0,"22":2,"23":2,"24":1,"25":1,"26":1,"27":1,"28":1},"f":{"0":1,"1":2},"b":{"0":[0,1],"1":[1,1,1,1],"2":[0,1],"3":[1,1,1,1],"4":[0,1],"5":[1,1,1],"6":[0,1],"7":[1,1,1,1,1],"8":[0,1],"9":[1,1,1,1],"10":[0,1],"11":[1,1,1,1],"12":[0,2],"13":[2,2,2,2],"14":[0,2],"15":[2,2,2,2],"16":[1,1]},"_coverageSchema":"43e27e138ebf9cfc5966b082cf9a028302ed4184","hash":"1ea6dbc3b72a02a1da23c1a3caec5c9305440360","contentHash":"e752789dca0922fad5c855a61f32c224"},"C:\\Users\\Edgar\\Desktop\\Camp de Boot\\iReporter\\build\\src\\models\\userModel.js":{"path":"C:\\Users\\Edgar\\Desktop\\Camp de Boot\\iReporter\\build\\src\\models\\userModel.js","statementMap":{"0":{"start":{"line":3,"column":0},"end":{"line":5,"column":3}},"1":{"start":{"line":7,"column":19},"end":{"line":7,"column":563}},"2":{"start":{"line":7,"column":76},"end":{"line":7,"column":347}},"3":{"start":{"line":7,"column":134},"end":{"line":7,"column":142}},"4":{"start":{"line":7,"column":144},"end":{"line":7,"column":199}},"5":{"start":{"line":7,"column":200},"end":{"line":7,"column":231}},"6":{"start":{"line":7,"column":232},"end":{"line":7,"column":286}},"7":{"start":{"line":7,"column":259},"end":{"line":7,"column":286}},"8":{"start":{"line":7,"column":287},"end":{"line":7,"column":345}},"9":{"start":{"line":7,"column":350},"end":{"line":7,"column":559}},"10":{"start":{"line":7,"column":407},"end":{"line":7,"column":475}},"11":{"start":{"line":7,"column":423},"end":{"line":7,"column":475}},"12":{"start":{"line":7,"column":476},"end":{"line":7,"column":536}},"13":{"start":{"line":7,"column":493},"end":{"line":7,"column":536}},"14":{"start":{"line":7,"column":537},"end":{"line":7,"column":556}},"15":{"start":{"line":9,"column":50},"end":{"line":9,"column":151}},"16":{"start":{"line":9,"column":92},"end":{"line":9,"column":149}},"17":{"start":{"line":14,"column":12},"end":{"line":14,"column":14}},"18":{"start":{"line":16,"column":16},"end":{"line":81,"column":3}},"19":{"start":{"line":18,"column":4},"end":{"line":18,"column":37}},"20":{"start":{"line":21,"column":2},"end":{"line":78,"column":6}},"21":{"start":{"line":29,"column":16},"end":{"line":29,"column":18}},"22":{"start":{"line":30,"column":6},"end":{"line":34,"column":7}},"23":{"start":{"line":31,"column":16},"end":{"line":31,"column":46}},"24":{"start":{"line":33,"column":8},"end":{"line":33,"column":20}},"25":{"start":{"line":36,"column":20},"end":{"line":47,"column":7}},"26":{"start":{"line":49,"column":6},"end":{"line":49,"column":26}},"27":{"start":{"line":51,"column":6},"end":{"line":51,"column":21}},"28":{"start":{"line":56,"column":22},"end":{"line":56,"column":27}},"29":{"start":{"line":57,"column":6},"end":{"line":62,"column":9}},"30":{"start":{"line":58,"column":8},"end":{"line":61,"column":9}},"31":{"start":{"line":59,"column":10},"end":{"line":59,"column":30}},"32":{"start":{"line":60,"column":10},"end":{"line":60,"column":27}},"33":{"start":{"line":63,"column":6},"end":{"line":63,"column":23}},"34":{"start":{"line":68,"column":22},"end":{"line":68,"column":27}},"35":{"start":{"line":70,"column":6},"end":{"line":75,"column":9}},"36":{"start":{"line":71,"column":8},"end":{"line":74,"column":9}},"37":{"start":{"line":72,"column":10},"end":{"line":72,"column":27}},"38":{"start":{"line":73,"column":10},"end":{"line":73,"column":27}},"39":{"start":{"line":76,"column":6},"end":{"line":76,"column":23}},"40":{"start":{"line":80,"column":2},"end":{"line":80,"column":19}},"41":{"start":{"line":83,"column":20},"end":{"line":83,"column":59}}},"fnMap":{"0":{"name":"(anonymous_0)","decl":{"start":{"line":7,"column":19},"end":{"line":7,"column":20}},"loc":{"start":{"line":7,"column":31},"end":{"line":7,"column":561}},"line":7},"1":{"name":"defineProperties","decl":{"start":{"line":7,"column":42},"end":{"line":7,"column":58}},"loc":{"start":{"line":7,"column":74},"end":{"line":7,"column":349}},"line":7},"2":{"name":"(anonymous_2)","decl":{"start":{"line":7,"column":357},"end":{"line":7,"column":358}},"loc":{"start":{"line":7,"column":405},"end":{"line":7,"column":558}},"line":7},"3":{"name":"_classCallCheck","decl":{"start":{"line":9,"column":9},"end":{"line":9,"column":24}},"loc":{"start":{"line":9,"column":48},"end":{"line":9,"column":153}},"line":9},"4":{"name":"(anonymous_4)","decl":{"start":{"line":16,"column":16},"end":{"line":16,"column":17}},"loc":{"start":{"line":16,"column":28},"end":{"line":81,"column":1}},"line":16},"5":{"name":"UserClass","decl":{"start":{"line":17,"column":11},"end":{"line":17,"column":20}},"loc":{"start":{"line":17,"column":23},"end":{"line":19,"column":3}},"line":17},"6":{"name":"create","decl":{"start":{"line":27,"column":20},"end":{"line":27,"column":26}},"loc":{"start":{"line":27,"column":33},"end":{"line":52,"column":5}},"line":27},"7":{"name":"findUser","decl":{"start":{"line":55,"column":20},"end":{"line":55,"column":28}},"loc":{"start":{"line":55,"column":49},"end":{"line":64,"column":5}},"line":55},"8":{"name":"(anonymous_8)","decl":{"start":{"line":57,"column":20},"end":{"line":57,"column":21}},"loc":{"start":{"line":57,"column":39},"end":{"line":62,"column":7}},"line":57},"9":{"name":"checkID","decl":{"start":{"line":67,"column":20},"end":{"line":67,"column":27}},"loc":{"start":{"line":67,"column":36},"end":{"line":77,"column":5}},"line":67},"10":{"name":"(anonymous_10)","decl":{"start":{"line":70,"column":20},"end":{"line":70,"column":21}},"loc":{"start":{"line":70,"column":39},"end":{"line":75,"column":7}},"line":70}},"branchMap":{"0":{"loc":{"start":{"line":7,"column":168},"end":{"line":7,"column":198}},"type":"binary-expr","locations":[{"start":{"line":7,"column":168},"end":{"line":7,"column":189}},{"start":{"line":7,"column":193},"end":{"line":7,"column":198}}],"line":7},"1":{"loc":{"start":{"line":7,"column":232},"end":{"line":7,"column":286}},"type":"if","locations":[{"start":{"line":7,"column":232},"end":{"line":7,"column":286}},{"start":{"line":7,"column":232},"end":{"line":7,"column":286}}],"line":7},"2":{"loc":{"start":{"line":7,"column":407},"end":{"line":7,"column":475}},"type":"if","locations":[{"start":{"line":7,"column":407},"end":{"line":7,"column":475}},{"start":{"line":7,"column":407},"end":{"line":7,"column":475}}],"line":7},"3":{"loc":{"start":{"line":7,"column":476},"end":{"line":7,"column":536}},"type":"if","locations":[{"start":{"line":7,"column":476},"end":{"line":7,"column":536}},{"start":{"line":7,"column":476},"end":{"line":7,"column":536}}],"line":7},"4":{"loc":{"start":{"line":9,"column":50},"end":{"line":9,"column":151}},"type":"if","locations":[{"start":{"line":9,"column":50},"end":{"line":9,"column":151}},{"start":{"line":9,"column":50},"end":{"line":9,"column":151}}],"line":9},"5":{"loc":{"start":{"line":58,"column":8},"end":{"line":61,"column":9}},"type":"if","locations":[{"start":{"line":58,"column":8},"end":{"line":61,"column":9}},{"start":{"line":58,"column":8},"end":{"line":61,"column":9}}],"line":58},"6":{"loc":{"start":{"line":58,"column":12},"end":{"line":58,"column":74}},"type":"binary-expr","locations":[{"start":{"line":58,"column":12},"end":{"line":58,"column":41}},{"start":{"line":58,"column":45},"end":{"line":58,"column":74}}],"line":58},"7":{"loc":{"start":{"line":71,"column":8},"end":{"line":74,"column":9}},"type":"if","locations":[{"start":{"line":71,"column":8},"end":{"line":74,"column":9}},{"start":{"line":71,"column":8},"end":{"line":74,"column":9}}],"line":71}},"s":{"0":1,"1":1,"2":1,"3":3,"4":3,"5":3,"6":3,"7":3,"8":3,"9":1,"10":1,"11":1,"12":1,"13":0,"14":1,"15":1,"16":0,"17":1,"18":1,"19":1,"20":1,"21":1,"22":1,"23":8,"24":8,"25":1,"26":1,"27":1,"28":2,"29":2,"30":2,"31":1,"32":1,"33":2,"34":2,"35":2,"36":2,"37":0,"38":0,"39":2,"40":1,"41":1},"f":{"0":1,"1":1,"2":1,"3":1,"4":1,"5":1,"6":1,"7":2,"8":2,"9":2,"10":2},"b":{"0":[3,3],"1":[3,0],"2":[1,0],"3":[0,1],"4":[0,1],"5":[1,1],"6":[2,1],"7":[0,2]},"_coverageSchema":"43e27e138ebf9cfc5966b082cf9a028302ed4184","hash":"0d92e900ec29e4b7205c22de1bf15c9891dd61cf","contentHash":"454b9afa22f057cb85b13fdd6b36366a"},"C:\\Users\\Edgar\\Desktop\\Camp de Boot\\iReporter\\build\\src\\controllers\\redflagController.js":{"path":"C:\\Users\\Edgar\\Desktop\\Camp de Boot\\iReporter\\build\\src\\controllers\\redflagController.js","statementMap":{"0":{"start":{"line":3,"column":0},"end":{"line":5,"column":3}},"1":{"start":{"line":7,"column":20},"end":{"line":7,"column":53}},"2":{"start":{"line":11,"column":14},"end":{"line":140,"column":1}},"3":{"start":{"line":17,"column":4},"end":{"line":19,"column":5}},"4":{"start":{"line":18,"column":6},"end":{"line":18,"column":105}},"5":{"start":{"line":21,"column":4},"end":{"line":23,"column":5}},"6":{"start":{"line":22,"column":6},"end":{"line":22,"column":102}},"7":{"start":{"line":24,"column":4},"end":{"line":26,"column":5}},"8":{"start":{"line":25,"column":6},"end":{"line":25,"column":103}},"9":{"start":{"line":27,"column":4},"end":{"line":29,"column":5}},"10":{"start":{"line":28,"column":6},"end":{"line":28,"column":187}},"11":{"start":{"line":30,"column":4},"end":{"line":30,"column":68}},"12":{"start":{"line":31,"column":4},"end":{"line":31,"column":70}},"13":{"start":{"line":33,"column":18},"end":{"line":33,"column":65}},"14":{"start":{"line":35,"column":4},"end":{"line":37,"column":5}},"15":{"start":{"line":36,"column":6},"end":{"line":36,"column":137}},"16":{"start":{"line":39,"column":19},"end":{"line":39,"column":51}},"17":{"start":{"line":40,"column":4},"end":{"line":40,"column":42}},"18":{"start":{"line":46,"column":19},"end":{"line":46,"column":72}},"19":{"start":{"line":47,"column":4},"end":{"line":49,"column":5}},"20":{"start":{"line":48,"column":6},"end":{"line":48,"column":101}},"21":{"start":{"line":50,"column":19},"end":{"line":50,"column":50}},"22":{"start":{"line":51,"column":4},"end":{"line":51,"column":42}},"23":{"start":{"line":54,"column":4},"end":{"line":56,"column":5}},"24":{"start":{"line":55,"column":6},"end":{"line":55,"column":94}},"25":{"start":{"line":57,"column":17},"end":{"line":57,"column":81}},"26":{"start":{"line":58,"column":4},"end":{"line":64,"column":5}},"27":{"start":{"line":59,"column":21},"end":{"line":59,"column":92}},"28":{"start":{"line":60,"column":6},"end":{"line":60,"column":44}},"29":{"start":{"line":62,"column":22},"end":{"line":62,"column":53}},"30":{"start":{"line":63,"column":6},"end":{"line":63,"column":45}},"31":{"start":{"line":67,"column":4},"end":{"line":69,"column":5}},"32":{"start":{"line":68,"column":6},"end":{"line":68,"column":127}},"33":{"start":{"line":70,"column":4},"end":{"line":72,"column":5}},"34":{"start":{"line":71,"column":6},"end":{"line":71,"column":105}},"35":{"start":{"line":73,"column":4},"end":{"line":75,"column":5}},"36":{"start":{"line":74,"column":6},"end":{"line":74,"column":102}},"37":{"start":{"line":76,"column":4},"end":{"line":78,"column":5}},"38":{"start":{"line":77,"column":6},"end":{"line":77,"column":103}},"39":{"start":{"line":79,"column":4},"end":{"line":79,"column":68}},"40":{"start":{"line":80,"column":4},"end":{"line":80,"column":70}},"41":{"start":{"line":82,"column":17},"end":{"line":82,"column":138}},"42":{"start":{"line":84,"column":4},"end":{"line":93,"column":5}},"43":{"start":{"line":85,"column":21},"end":{"line":85,"column":92}},"44":{"start":{"line":86,"column":6},"end":{"line":86,"column":44}},"45":{"start":{"line":87,"column":11},"end":{"line":93,"column":5}},"46":{"start":{"line":88,"column":23},"end":{"line":88,"column":103}},"47":{"start":{"line":89,"column":6},"end":{"line":89,"column":46}},"48":{"start":{"line":91,"column":23},"end":{"line":91,"column":54}},"49":{"start":{"line":92,"column":6},"end":{"line":92,"column":46}},"50":{"start":{"line":96,"column":4},"end":{"line":98,"column":5}},"51":{"start":{"line":97,"column":6},"end":{"line":97,"column":127}},"52":{"start":{"line":99,"column":4},"end":{"line":101,"column":5}},"53":{"start":{"line":100,"column":6},"end":{"line":100,"column":105}},"54":{"start":{"line":102,"column":4},"end":{"line":104,"column":5}},"55":{"start":{"line":103,"column":6},"end":{"line":103,"column":187}},"56":{"start":{"line":106,"column":17},"end":{"line":106,"column":116}},"57":{"start":{"line":108,"column":4},"end":{"line":117,"column":5}},"58":{"start":{"line":109,"column":21},"end":{"line":109,"column":92}},"59":{"start":{"line":110,"column":6},"end":{"line":110,"column":44}},"60":{"start":{"line":111,"column":11},"end":{"line":117,"column":5}},"61":{"start":{"line":112,"column":23},"end":{"line":112,"column":103}},"62":{"start":{"line":113,"column":6},"end":{"line":113,"column":46}},"63":{"start":{"line":115,"column":23},"end":{"line":115,"column":54}},"64":{"start":{"line":116,"column":6},"end":{"line":116,"column":46}},"65":{"start":{"line":120,"column":4},"end":{"line":122,"column":5}},"66":{"start":{"line":121,"column":6},"end":{"line":121,"column":125}},"67":{"start":{"line":123,"column":4},"end":{"line":125,"column":5}},"68":{"start":{"line":124,"column":6},"end":{"line":124,"column":105}},"69":{"start":{"line":127,"column":17},"end":{"line":127,"column":93}},"70":{"start":{"line":129,"column":4},"end":{"line":138,"column":5}},"71":{"start":{"line":130,"column":21},"end":{"line":130,"column":92}},"72":{"start":{"line":131,"column":6},"end":{"line":131,"column":44}},"73":{"start":{"line":132,"column":11},"end":{"line":138,"column":5}},"74":{"start":{"line":133,"column":23},"end":{"line":133,"column":105}},"75":{"start":{"line":134,"column":6},"end":{"line":134,"column":46}},"76":{"start":{"line":136,"column":23},"end":{"line":136,"column":54}},"77":{"start":{"line":137,"column":6},"end":{"line":137,"column":46}},"78":{"start":{"line":141,"column":0},"end":{"line":141,"column":26}}},"fnMap":{"0":{"name":"create","decl":{"start":{"line":12,"column":19},"end":{"line":12,"column":25}},"loc":{"start":{"line":12,"column":36},"end":{"line":41,"column":3}},"line":12},"1":{"name":"getAllRedFlags","decl":{"start":{"line":45,"column":27},"end":{"line":45,"column":41}},"loc":{"start":{"line":45,"column":52},"end":{"line":52,"column":3}},"line":45},"2":{"name":"fetchSpecificRedFlag","decl":{"start":{"line":53,"column":33},"end":{"line":53,"column":53}},"loc":{"start":{"line":53,"column":64},"end":{"line":65,"column":3}},"line":53},"3":{"name":"editLocationRedFlag","decl":{"start":{"line":66,"column":32},"end":{"line":66,"column":51}},"loc":{"start":{"line":66,"column":62},"end":{"line":94,"column":3}},"line":66},"4":{"name":"editCommentRedFlag","decl":{"start":{"line":95,"column":31},"end":{"line":95,"column":49}},"loc":{"start":{"line":95,"column":60},"end":{"line":118,"column":3}},"line":95},"5":{"name":"deleteRedFlag","decl":{"start":{"line":119,"column":26},"end":{"line":119,"column":39}},"loc":{"start":{"line":119,"column":50},"end":{"line":139,"column":3}},"line":119}},"branchMap":{"0":{"loc":{"start":{"line":17,"column":4},"end":{"line":19,"column":5}},"type":"if","locations":[{"start":{"line":17,"column":4},"end":{"line":19,"column":5}},{"start":{"line":17,"column":4},"end":{"line":19,"column":5}}],"line":17},"1":{"loc":{"start":{"line":17,"column":8},"end":{"line":17,"column":154}},"type":"binary-expr","locations":[{"start":{"line":17,"column":8},"end":{"line":17,"column":24}},{"start":{"line":17,"column":28},"end":{"line":17,"column":54}},{"start":{"line":17,"column":58},"end":{"line":17,"column":85}},{"start":{"line":17,"column":89},"end":{"line":17,"column":115}},{"start":{"line":17,"column":119},"end":{"line":17,"column":154}}],"line":17},"2":{"loc":{"start":{"line":21,"column":4},"end":{"line":23,"column":5}},"type":"if","locations":[{"start":{"line":21,"column":4},"end":{"line":23,"column":5}},{"start":{"line":21,"column":4},"end":{"line":23,"column":5}}],"line":21},"3":{"loc":{"start":{"line":21,"column":8},"end":{"line":21,"column":185}},"type":"binary-expr","locations":[{"start":{"line":21,"column":8},"end":{"line":21,"column":26}},{"start":{"line":21,"column":30},"end":{"line":21,"column":58}},{"start":{"line":21,"column":62},"end":{"line":21,"column":91}},{"start":{"line":21,"column":95},"end":{"line":21,"column":117}},{"start":{"line":21,"column":121},"end":{"line":21,"column":144}},{"start":{"line":21,"column":148},"end":{"line":21,"column":185}}],"line":21},"4":{"loc":{"start":{"line":24,"column":4},"end":{"line":26,"column":5}},"type":"if","locations":[{"start":{"line":24,"column":4},"end":{"line":26,"column":5}},{"start":{"line":24,"column":4},"end":{"line":26,"column":5}}],"line":24},"5":{"loc":{"start":{"line":24,"column":8},"end":{"line":24,"column":192}},"type":"binary-expr","locations":[{"start":{"line":24,"column":8},"end":{"line":24,"column":27}},{"start":{"line":24,"column":31},"end":{"line":24,"column":60}},{"start":{"line":24,"column":64},"end":{"line":24,"column":94}},{"start":{"line":24,"column":98},"end":{"line":24,"column":122}},{"start":{"line":24,"column":126},"end":{"line":24,"column":151}},{"start":{"line":24,"column":155},"end":{"line":24,"column":192}}],"line":24},"6":{"loc":{"start":{"line":27,"column":4},"end":{"line":29,"column":5}},"type":"if","locations":[{"start":{"line":27,"column":4},"end":{"line":29,"column":5}},{"start":{"line":27,"column":4},"end":{"line":29,"column":5}}],"line":27},"7":{"loc":{"start":{"line":27,"column":8},"end":{"line":27,"column":130}},"type":"binary-expr","locations":[{"start":{"line":27,"column":8},"end":{"line":27,"column":25}},{"start":{"line":27,"column":29},"end":{"line":27,"column":56}},{"start":{"line":27,"column":60},"end":{"line":27,"column":90}},{"start":{"line":27,"column":94},"end":{"line":27,"column":130}}],"line":27},"8":{"loc":{"start":{"line":35,"column":4},"end":{"line":37,"column":5}},"type":"if","locations":[{"start":{"line":35,"column":4},"end":{"line":37,"column":5}},{"start":{"line":35,"column":4},"end":{"line":37,"column":5}}],"line":35},"9":{"loc":{"start":{"line":47,"column":4},"end":{"line":49,"column":5}},"type":"if","locations":[{"start":{"line":47,"column":4},"end":{"line":49,"column":5}},{"start":{"line":47,"column":4},"end":{"line":49,"column":5}}],"line":47},"10":{"loc":{"start":{"line":54,"column":4},"end":{"line":56,"column":5}},"type":"if","locations":[{"start":{"line":54,"column":4},"end":{"line":56,"column":5}},{"start":{"line":54,"column":4},"end":{"line":56,"column":5}}],"line":54},"11":{"loc":{"start":{"line":54,"column":8},"end":{"line":54,"column":107}},"type":"binary-expr","locations":[{"start":{"line":54,"column":8},"end":{"line":54,"column":22}},{"start":{"line":54,"column":26},"end":{"line":54,"column":50}},{"start":{"line":54,"column":54},"end":{"line":54,"column":79}},{"start":{"line":54,"column":83},"end":{"line":54,"column":107}}],"line":54},"12":{"loc":{"start":{"line":58,"column":4},"end":{"line":64,"column":5}},"type":"if","locations":[{"start":{"line":58,"column":4},"end":{"line":64,"column":5}},{"start":{"line":58,"column":4},"end":{"line":64,"column":5}}],"line":58},"13":{"loc":{"start":{"line":67,"column":4},"end":{"line":69,"column":5}},"type":"if","locations":[{"start":{"line":67,"column":4},"end":{"line":69,"column":5}},{"start":{"line":67,"column":4},"end":{"line":69,"column":5}}],"line":67},"14":{"loc":{"start":{"line":67,"column":8},"end":{"line":67,"column":107}},"type":"binary-expr","locations":[{"start":{"line":67,"column":8},"end":{"line":67,"column":22}},{"start":{"line":67,"column":26},"end":{"line":67,"column":50}},{"start":{"line":67,"column":54},"end":{"line":67,"column":79}},{"start":{"line":67,"column":83},"end":{"line":67,"column":107}}],"line":67},"15":{"loc":{"start":{"line":70,"column":4},"end":{"line":72,"column":5}},"type":"if","locations":[{"start":{"line":70,"column":4},"end":{"line":72,"column":5}},{"start":{"line":70,"column":4},"end":{"line":72,"column":5}}],"line":70},"16":{"loc":{"start":{"line":70,"column":8},"end":{"line":70,"column":154}},"type":"binary-expr","locations":[{"start":{"line":70,"column":8},"end":{"line":70,"column":24}},{"start":{"line":70,"column":28},"end":{"line":70,"column":54}},{"start":{"line":70,"column":58},"end":{"line":70,"column":85}},{"start":{"line":70,"column":89},"end":{"line":70,"column":115}},{"start":{"line":70,"column":119},"end":{"line":70,"column":154}}],"line":70},"17":{"loc":{"start":{"line":73,"column":4},"end":{"line":75,"column":5}},"type":"if","locations":[{"start":{"line":73,"column":4},"end":{"line":75,"column":5}},{"start":{"line":73,"column":4},"end":{"line":75,"column":5}}],"line":73},"18":{"loc":{"start":{"line":73,"column":8},"end":{"line":73,"column":185}},"type":"binary-expr","locations":[{"start":{"line":73,"column":8},"end":{"line":73,"column":26}},{"start":{"line":73,"column":30},"end":{"line":73,"column":58}},{"start":{"line":73,"column":62},"end":{"line":73,"column":91}},{"start":{"line":73,"column":95},"end":{"line":73,"column":117}},{"start":{"line":73,"column":121},"end":{"line":73,"column":144}},{"start":{"line":73,"column":148},"end":{"line":73,"column":185}}],"line":73},"19":{"loc":{"start":{"line":76,"column":4},"end":{"line":78,"column":5}},"type":"if","locations":[{"start":{"line":76,"column":4},"end":{"line":78,"column":5}},{"start":{"line":76,"column":4},"end":{"line":78,"column":5}}],"line":76},"20":{"loc":{"start":{"line":76,"column":8},"end":{"line":76,"column":192}},"type":"binary-expr","locations":[{"start":{"line":76,"column":8},"end":{"line":76,"column":27}},{"start":{"line":76,"column":31},"end":{"line":76,"column":60}},{"start":{"line":76,"column":64},"end":{"line":76,"column":94}},{"start":{"line":76,"column":98},"end":{"line":76,"column":122}},{"start":{"line":76,"column":126},"end":{"line":76,"column":151}},{"start":{"line":76,"column":155},"end":{"line":76,"column":192}}],"line":76},"21":{"loc":{"start":{"line":84,"column":4},"end":{"line":93,"column":5}},"type":"if","locations":[{"start":{"line":84,"column":4},"end":{"line":93,"column":5}},{"start":{"line":84,"column":4},"end":{"line":93,"column":5}}],"line":84},"22":{"loc":{"start":{"line":87,"column":11},"end":{"line":93,"column":5}},"type":"if","locations":[{"start":{"line":87,"column":11},"end":{"line":93,"column":5}},{"start":{"line":87,"column":11},"end":{"line":93,"column":5}}],"line":87},"23":{"loc":{"start":{"line":96,"column":4},"end":{"line":98,"column":5}},"type":"if","locations":[{"start":{"line":96,"column":4},"end":{"line":98,"column":5}},{"start":{"line":96,"column":4},"end":{"line":98,"column":5}}],"line":96},"24":{"loc":{"start":{"line":96,"column":8},"end":{"line":96,"column":107}},"type":"binary-expr","locations":[{"start":{"line":96,"column":8},"end":{"line":96,"column":22}},{"start":{"line":96,"column":26},"end":{"line":96,"column":50}},{"start":{"line":96,"column":54},"end":{"line":96,"column":79}},{"start":{"line":96,"column":83},"end":{"line":96,"column":107}}],"line":96},"25":{"loc":{"start":{"line":99,"column":4},"end":{"line":101,"column":5}},"type":"if","locations":[{"start":{"line":99,"column":4},"end":{"line":101,"column":5}},{"start":{"line":99,"column":4},"end":{"line":101,"column":5}}],"line":99},"26":{"loc":{"start":{"line":99,"column":8},"end":{"line":99,"column":154}},"type":"binary-expr","locations":[{"start":{"line":99,"column":8},"end":{"line":99,"column":24}},{"start":{"line":99,"column":28},"end":{"line":99,"column":54}},{"start":{"line":99,"column":58},"end":{"line":99,"column":85}},{"start":{"line":99,"column":89},"end":{"line":99,"column":115}},{"start":{"line":99,"column":119},"end":{"line":99,"column":154}}],"line":99},"27":{"loc":{"start":{"line":102,"column":4},"end":{"line":104,"column":5}},"type":"if","locations":[{"start":{"line":102,"column":4},"end":{"line":104,"column":5}},{"start":{"line":102,"column":4},"end":{"line":104,"column":5}}],"line":102},"28":{"loc":{"start":{"line":102,"column":8},"end":{"line":102,"column":130}},"type":"binary-expr","locations":[{"start":{"line":102,"column":8},"end":{"line":102,"column":25}},{"start":{"line":102,"column":29},"end":{"line":102,"column":56}},{"start":{"line":102,"column":60},"end":{"line":102,"column":90}},{"start":{"line":102,"column":94},"end":{"line":102,"column":130}}],"line":102},"29":{"loc":{"start":{"line":108,"column":4},"end":{"line":117,"column":5}},"type":"if","locations":[{"start":{"line":108,"column":4},"end":{"line":117,"column":5}},{"start":{"line":108,"column":4},"end":{"line":117,"column":5}}],"line":108},"30":{"loc":{"start":{"line":111,"column":11},"end":{"line":117,"column":5}},"type":"if","locations":[{"start":{"line":111,"column":11},"end":{"line":117,"column":5}},{"start":{"line":111,"column":11},"end":{"line":117,"column":5}}],"line":111},"31":{"loc":{"start":{"line":120,"column":4},"end":{"line":122,"column":5}},"type":"if","locations":[{"start":{"line":120,"column":4},"end":{"line":122,"column":5}},{"start":{"line":120,"column":4},"end":{"line":122,"column":5}}],"line":120},"32":{"loc":{"start":{"line":120,"column":8},"end":{"line":120,"column":107}},"type":"binary-expr","locations":[{"start":{"line":120,"column":8},"end":{"line":120,"column":22}},{"start":{"line":120,"column":26},"end":{"line":120,"column":50}},{"start":{"line":120,"column":54},"end":{"line":120,"column":79}},{"start":{"line":120,"column":83},"end":{"line":120,"column":107}}],"line":120},"33":{"loc":{"start":{"line":123,"column":4},"end":{"line":125,"column":5}},"type":"if","locations":[{"start":{"line":123,"column":4},"end":{"line":125,"column":5}},{"start":{"line":123,"column":4},"end":{"line":125,"column":5}}],"line":123},"34":{"loc":{"start":{"line":123,"column":8},"end":{"line":123,"column":154}},"type":"binary-expr","locations":[{"start":{"line":123,"column":8},"end":{"line":123,"column":24}},{"start":{"line":123,"column":28},"end":{"line":123,"column":54}},{"start":{"line":123,"column":58},"end":{"line":123,"column":85}},{"start":{"line":123,"column":89},"end":{"line":123,"column":115}},{"start":{"line":123,"column":119},"end":{"line":123,"column":154}}],"line":123},"35":{"loc":{"start":{"line":129,"column":4},"end":{"line":138,"column":5}},"type":"if","locations":[{"start":{"line":129,"column":4},"end":{"line":138,"column":5}},{"start":{"line":129,"column":4},"end":{"line":138,"column":5}}],"line":129},"36":{"loc":{"start":{"line":132,"column":11},"end":{"line":138,"column":5}},"type":"if","locations":[{"start":{"line":132,"column":11},"end":{"line":138,"column":5}},{"start":{"line":132,"column":11},"end":{"line":138,"column":5}}],"line":132}},"s":{"0":1,"1":1,"2":1,"3":1,"4":0,"5":1,"6":0,"7":1,"8":0,"9":1,"10":0,"11":1,"12":1,"13":1,"14":1,"15":1,"16":0,"17":0,"18":1,"19":1,"20":1,"21":0,"22":0,"23":1,"24":0,"25":1,"26":1,"27":1,"28":1,"29":0,"30":0,"31":1,"32":0,"33":1,"34":1,"35":0,"36":0,"37":0,"38":0,"39":0,"40":0,"41":0,"42":0,"43":0,"44":0,"45":0,"46":0,"47":0,"48":0,"49":0,"50":1,"51":0,"52":1,"53":1,"54":0,"55":0,"56":0,"57":0,"58":0,"59":0,"60":0,"61":0,"62":0,"63":0,"64":0,"65":1,"66":0,"67":1,"68":1,"69":0,"70":0,"71":0,"72":0,"73":0,"74":0,"75":0,"76":0,"77":0,"78":1},"f":{"0":1,"1":1,"2":1,"3":1,"4":1,"5":1},"b":{"0":[0,1],"1":[1,1,1,1,1],"2":[0,1],"3":[1,1,1,1,1,1],"4":[0,1],"5":[1,1,1,1,1,1],"6":[0,1],"7":[1,1,1,1],"8":[1,0],"9":[1,0],"10":[0,1],"11":[1,1,1,1],"12":[1,0],"13":[0,1],"14":[1,1,1,1],"15":[1,0],"16":[1,0,0,0,0],"17":[0,0],"18":[0,0,0,0,0,0],"19":[0,0],"20":[0,0,0,0,0,0],"21":[0,0],"22":[0,0],"23":[0,1],"24":[1,1,1,1],"25":[1,0],"26":[1,0,0,0,0],"27":[0,0],"28":[0,0,0,0],"29":[0,0],"30":[0,0],"31":[0,1],"32":[1,1,1,1],"33":[1,0],"34":[1,0,0,0,0],"35":[0,0],"36":[0,0]},"_coverageSchema":"43e27e138ebf9cfc5966b082cf9a028302ed4184","hash":"b1a1c801ee7c5ca2a109842a891419d3afa016ed","contentHash":"0793af6041a2dc1b8a919f0a0bdbc4ae"},"C:\\Users\\Edgar\\Desktop\\Camp de Boot\\iReporter\\build\\src\\models\\redflagModel.js":{"path":"C:\\Users\\Edgar\\Desktop\\Camp de Boot\\iReporter\\build\\src\\models\\redflagModel.js","statementMap":{"0":{"start":{"line":3,"column":0},"end":{"line":5,"column":3}},"1":{"start":{"line":6,"column":0},"end":{"line":6,"column":56}},"2":{"start":{"line":8,"column":19},"end":{"line":8,"column":563}},"3":{"start":{"line":8,"column":76},"end":{"line":8,"column":347}},"4":{"start":{"line":8,"column":134},"end":{"line":8,"column":142}},"5":{"start":{"line":8,"column":144},"end":{"line":8,"column":199}},"6":{"start":{"line":8,"column":200},"end":{"line":8,"column":231}},"7":{"start":{"line":8,"column":232},"end":{"line":8,"column":286}},"8":{"start":{"line":8,"column":259},"end":{"line":8,"column":286}},"9":{"start":{"line":8,"column":287},"end":{"line":8,"column":345}},"10":{"start":{"line":8,"column":350},"end":{"line":8,"column":559}},"11":{"start":{"line":8,"column":407},"end":{"line":8,"column":475}},"12":{"start":{"line":8,"column":423},"end":{"line":8,"column":475}},"13":{"start":{"line":8,"column":476},"end":{"line":8,"column":536}},"14":{"start":{"line":8,"column":493},"end":{"line":8,"column":536}},"15":{"start":{"line":8,"column":537},"end":{"line":8,"column":556}},"16":{"start":{"line":11,"column":17},"end":{"line":11,"column":47}},"17":{"start":{"line":13,"column":50},"end":{"line":13,"column":151}},"18":{"start":{"line":13,"column":92},"end":{"line":13,"column":149}},"19":{"start":{"line":15,"column":15},"end":{"line":15,"column":36}},"20":{"start":{"line":17,"column":19},"end":{"line":140,"column":3}},"21":{"start":{"line":19,"column":4},"end":{"line":19,"column":40}},"22":{"start":{"line":22,"column":2},"end":{"line":137,"column":6}},"23":{"start":{"line":29,"column":16},"end":{"line":29,"column":18}},"24":{"start":{"line":30,"column":6},"end":{"line":33,"column":7}},"25":{"start":{"line":31,"column":16},"end":{"line":31,"column":46}},"26":{"start":{"line":32,"column":8},"end":{"line":32,"column":20}},"27":{"start":{"line":36,"column":23},"end":{"line":45,"column":7}},"28":{"start":{"line":47,"column":20},"end":{"line":47,"column":65}},"29":{"start":{"line":48,"column":6},"end":{"line":61,"column":7}},"30":{"start":{"line":49,"column":8},"end":{"line":49,"column":34}},"31":{"start":{"line":51,"column":17},"end":{"line":51,"column":30}},"32":{"start":{"line":53,"column":23},"end":{"line":56,"column":9}},"33":{"start":{"line":58,"column":8},"end":{"line":58,"column":24}},"34":{"start":{"line":60,"column":8},"end":{"line":60,"column":21}},"35":{"start":{"line":66,"column":25},"end":{"line":66,"column":30}},"36":{"start":{"line":67,"column":6},"end":{"line":72,"column":9}},"37":{"start":{"line":68,"column":8},"end":{"line":71,"column":9}},"38":{"start":{"line":69,"column":10},"end":{"line":69,"column":33}},"39":{"start":{"line":70,"column":10},"end":{"line":70,"column":30}},"40":{"start":{"line":73,"column":6},"end":{"line":73,"column":26}},"41":{"start":{"line":78,"column":6},"end":{"line":78,"column":22}},"42":{"start":{"line":83,"column":24},"end":{"line":83,"column":29}},"43":{"start":{"line":84,"column":6},"end":{"line":96,"column":9}},"44":{"start":{"line":85,"column":8},"end":{"line":95,"column":9}},"45":{"start":{"line":86,"column":10},"end":{"line":86,"column":57}},"46":{"start":{"line":87,"column":10},"end":{"line":90,"column":12}},"47":{"start":{"line":91,"column":10},"end":{"line":91,"column":29}},"48":{"start":{"line":92,"column":15},"end":{"line":95,"column":9}},"49":{"start":{"line":93,"column":10},"end":{"line":93,"column":29}},"50":{"start":{"line":94,"column":10},"end":{"line":94,"column":29}},"51":{"start":{"line":97,"column":6},"end":{"line":97,"column":25}},"52":{"start":{"line":102,"column":24},"end":{"line":102,"column":29}},"53":{"start":{"line":103,"column":6},"end":{"line":115,"column":9}},"54":{"start":{"line":104,"column":8},"end":{"line":114,"column":9}},"55":{"start":{"line":105,"column":10},"end":{"line":105,"column":36}},"56":{"start":{"line":106,"column":10},"end":{"line":109,"column":12}},"57":{"start":{"line":110,"column":10},"end":{"line":110,"column":29}},"58":{"start":{"line":111,"column":15},"end":{"line":114,"column":9}},"59":{"start":{"line":112,"column":10},"end":{"line":112,"column":29}},"60":{"start":{"line":113,"column":10},"end":{"line":113,"column":29}},"61":{"start":{"line":116,"column":6},"end":{"line":116,"column":25}},"62":{"start":{"line":121,"column":24},"end":{"line":121,"column":29}},"63":{"start":{"line":122,"column":6},"end":{"line":134,"column":9}},"64":{"start":{"line":123,"column":8},"end":{"line":133,"column":9}},"65":{"start":{"line":124,"column":10},"end":{"line":124,"column":36}},"66":{"start":{"line":125,"column":10},"end":{"line":128,"column":12}},"67":{"start":{"line":129,"column":10},"end":{"line":129,"column":29}},"68":{"start":{"line":130,"column":15},"end":{"line":133,"column":9}},"69":{"start":{"line":131,"column":10},"end":{"line":131,"column":29}},"70":{"start":{"line":132,"column":10},"end":{"line":132,"column":29}},"71":{"start":{"line":135,"column":6},"end":{"line":135,"column":25}},"72":{"start":{"line":139,"column":2},"end":{"line":139,"column":22}},"73":{"start":{"line":142,"column":23},"end":{"line":142,"column":68}}},"fnMap":{"0":{"name":"(anonymous_0)","decl":{"start":{"line":8,"column":19},"end":{"line":8,"column":20}},"loc":{"start":{"line":8,"column":31},"end":{"line":8,"column":561}},"line":8},"1":{"name":"defineProperties","decl":{"start":{"line":8,"column":42},"end":{"line":8,"column":58}},"loc":{"start":{"line":8,"column":74},"end":{"line":8,"column":349}},"line":8},"2":{"name":"(anonymous_2)","decl":{"start":{"line":8,"column":357},"end":{"line":8,"column":358}},"loc":{"start":{"line":8,"column":405},"end":{"line":8,"column":558}},"line":8},"3":{"name":"_classCallCheck","decl":{"start":{"line":13,"column":9},"end":{"line":13,"column":24}},"loc":{"start":{"line":13,"column":48},"end":{"line":13,"column":153}},"line":13},"4":{"name":"(anonymous_4)","decl":{"start":{"line":17,"column":19},"end":{"line":17,"column":20}},"loc":{"start":{"line":17,"column":31},"end":{"line":140,"column":1}},"line":17},"5":{"name":"RedFlagClass","decl":{"start":{"line":18,"column":11},"end":{"line":18,"column":23}},"loc":{"start":{"line":18,"column":26},"end":{"line":20,"column":3}},"line":18},"6":{"name":"create","decl":{"start":{"line":27,"column":20},"end":{"line":27,"column":26}},"loc":{"start":{"line":27,"column":33},"end":{"line":62,"column":5}},"line":27},"7":{"name":"getSpecificRedFlag","decl":{"start":{"line":65,"column":20},"end":{"line":65,"column":38}},"loc":{"start":{"line":65,"column":43},"end":{"line":74,"column":5}},"line":65},"8":{"name":"(anonymous_8)","decl":{"start":{"line":67,"column":23},"end":{"line":67,"column":24}},"loc":{"start":{"line":67,"column":42},"end":{"line":72,"column":7}},"line":67},"9":{"name":"getAllRedFlagsRecord","decl":{"start":{"line":77,"column":20},"end":{"line":77,"column":40}},"loc":{"start":{"line":77,"column":43},"end":{"line":79,"column":5}},"line":77},"10":{"name":"editRedFlagLocation","decl":{"start":{"line":82,"column":20},"end":{"line":82,"column":39}},"loc":{"start":{"line":82,"column":73},"end":{"line":98,"column":5}},"line":82},"11":{"name":"(anonymous_11)","decl":{"start":{"line":84,"column":23},"end":{"line":84,"column":24}},"loc":{"start":{"line":84,"column":42},"end":{"line":96,"column":7}},"line":84},"12":{"name":"editRedFlagComment","decl":{"start":{"line":101,"column":20},"end":{"line":101,"column":38}},"loc":{"start":{"line":101,"column":60},"end":{"line":117,"column":5}},"line":101},"13":{"name":"(anonymous_13)","decl":{"start":{"line":103,"column":23},"end":{"line":103,"column":24}},"loc":{"start":{"line":103,"column":42},"end":{"line":115,"column":7}},"line":103},"14":{"name":"deleteRedFlag","decl":{"start":{"line":120,"column":20},"end":{"line":120,"column":33}},"loc":{"start":{"line":120,"column":46},"end":{"line":136,"column":5}},"line":120},"15":{"name":"(anonymous_15)","decl":{"start":{"line":122,"column":23},"end":{"line":122,"column":24}},"loc":{"start":{"line":122,"column":49},"end":{"line":134,"column":7}},"line":122}},"branchMap":{"0":{"loc":{"start":{"line":8,"column":168},"end":{"line":8,"column":198}},"type":"binary-expr","locations":[{"start":{"line":8,"column":168},"end":{"line":8,"column":189}},{"start":{"line":8,"column":193},"end":{"line":8,"column":198}}],"line":8},"1":{"loc":{"start":{"line":8,"column":232},"end":{"line":8,"column":286}},"type":"if","locations":[{"start":{"line":8,"column":232},"end":{"line":8,"column":286}},{"start":{"line":8,"column":232},"end":{"line":8,"column":286}}],"line":8},"2":{"loc":{"start":{"line":8,"column":407},"end":{"line":8,"column":475}},"type":"if","locations":[{"start":{"line":8,"column":407},"end":{"line":8,"column":475}},{"start":{"line":8,"column":407},"end":{"line":8,"column":475}}],"line":8},"3":{"loc":{"start":{"line":8,"column":476},"end":{"line":8,"column":536}},"type":"if","locations":[{"start":{"line":8,"column":476},"end":{"line":8,"column":536}},{"start":{"line":8,"column":476},"end":{"line":8,"column":536}}],"line":8},"4":{"loc":{"start":{"line":13,"column":50},"end":{"line":13,"column":151}},"type":"if","locations":[{"start":{"line":13,"column":50},"end":{"line":13,"column":151}},{"start":{"line":13,"column":50},"end":{"line":13,"column":151}}],"line":13},"5":{"loc":{"start":{"line":48,"column":6},"end":{"line":61,"column":7}},"type":"if","locations":[{"start":{"line":48,"column":6},"end":{"line":61,"column":7}},{"start":{"line":48,"column":6},"end":{"line":61,"column":7}}],"line":48},"6":{"loc":{"start":{"line":68,"column":8},"end":{"line":71,"column":9}},"type":"if","locations":[{"start":{"line":68,"column":8},"end":{"line":71,"column":9}},{"start":{"line":68,"column":8},"end":{"line":71,"column":9}}],"line":68},"7":{"loc":{"start":{"line":85,"column":8},"end":{"line":95,"column":9}},"type":"if","locations":[{"start":{"line":85,"column":8},"end":{"line":95,"column":9}},{"start":{"line":85,"column":8},"end":{"line":95,"column":9}}],"line":85},"8":{"loc":{"start":{"line":85,"column":12},"end":{"line":85,"column":61}},"type":"binary-expr","locations":[{"start":{"line":85,"column":12},"end":{"line":85,"column":29}},{"start":{"line":85,"column":33},"end":{"line":85,"column":61}}],"line":85},"9":{"loc":{"start":{"line":92,"column":15},"end":{"line":95,"column":9}},"type":"if","locations":[{"start":{"line":92,"column":15},"end":{"line":95,"column":9}},{"start":{"line":92,"column":15},"end":{"line":95,"column":9}}],"line":92},"10":{"loc":{"start":{"line":104,"column":8},"end":{"line":114,"column":9}},"type":"if","locations":[{"start":{"line":104,"column":8},"end":{"line":114,"column":9}},{"start":{"line":104,"column":8},"end":{"line":114,"column":9}}],"line":104},"11":{"loc":{"start":{"line":104,"column":12},"end":{"line":104,"column":61}},"type":"binary-expr","locations":[{"start":{"line":104,"column":12},"end":{"line":104,"column":29}},{"start":{"line":104,"column":33},"end":{"line":104,"column":61}}],"line":104},"12":{"loc":{"start":{"line":111,"column":15},"end":{"line":114,"column":9}},"type":"if","locations":[{"start":{"line":111,"column":15},"end":{"line":114,"column":9}},{"start":{"line":111,"column":15},"end":{"line":114,"column":9}}],"line":111},"13":{"loc":{"start":{"line":123,"column":8},"end":{"line":133,"column":9}},"type":"if","locations":[{"start":{"line":123,"column":8},"end":{"line":133,"column":9}},{"start":{"line":123,"column":8},"end":{"line":133,"column":9}}],"line":123},"14":{"loc":{"start":{"line":123,"column":12},"end":{"line":123,"column":61}},"type":"binary-expr","locations":[{"start":{"line":123,"column":12},"end":{"line":123,"column":29}},{"start":{"line":123,"column":33},"end":{"line":123,"column":61}}],"line":123},"15":{"loc":{"start":{"line":130,"column":15},"end":{"line":133,"column":9}},"type":"if","locations":[{"start":{"line":130,"column":15},"end":{"line":133,"column":9}},{"start":{"line":130,"column":15},"end":{"line":133,"column":9}}],"line":130}},"s":{"0":1,"1":1,"2":1,"3":1,"4":6,"5":6,"6":6,"7":6,"8":6,"9":6,"10":1,"11":1,"12":1,"13":1,"14":0,"15":1,"16":1,"17":1,"18":0,"19":1,"20":1,"21":1,"22":1,"23":1,"24":1,"25":8,"26":8,"27":1,"28":1,"29":1,"30":0,"31":0,"32":0,"33":0,"34":1,"35":1,"36":1,"37":0,"38":0,"39":0,"40":1,"41":1,"42":0,"43":0,"44":0,"45":0,"46":0,"47":0,"48":0,"49":0,"50":0,"51":0,"52":0,"53":0,"54":0,"55":0,"56":0,"57":0,"58":0,"59":0,"60":0,"61":0,"62":0,"63":0,"64":0,"65":0,"66":0,"67":0,"68":0,"69":0,"70":0,"71":0,"72":1,"73":1},"f":{"0":1,"1":1,"2":1,"3":1,"4":1,"5":1,"6":1,"7":1,"8":0,"9":1,"10":0,"11":0,"12":0,"13":0,"14":0,"15":0},"b":{"0":[6,6],"1":[6,0],"2":[1,0],"3":[0,1],"4":[0,1],"5":[0,1],"6":[0,0],"7":[0,0],"8":[0,0],"9":[0,0],"10":[0,0],"11":[0,0],"12":[0,0],"13":[0,0],"14":[0,0],"15":[0,0]},"_coverageSchema":"43e27e138ebf9cfc5966b082cf9a028302ed4184","hash":"a3f9809d17dae521ac16fc632e10fef9587c4c0e","contentHash":"5f549f50ef8a4c3089e9c6dcaf27d55a"},"C:\\Users\\Edgar\\Desktop\\Camp de Boot\\iReporter\\build\\src\\controllers\\interventionController.js":{"path":"C:\\Users\\Edgar\\Desktop\\Camp de Boot\\iReporter\\build\\src\\controllers\\interventionController.js","statementMap":{"0":{"start":{"line":3,"column":0},"end":{"line":5,"column":3}},"1":{"start":{"line":7,"column":25},"end":{"line":7,"column":63}},"2":{"start":{"line":11,"column":19},"end":{"line":139,"column":1}},"3":{"start":{"line":17,"column":4},"end":{"line":19,"column":5}},"4":{"start":{"line":18,"column":6},"end":{"line":18,"column":105}},"5":{"start":{"line":21,"column":4},"end":{"line":23,"column":5}},"6":{"start":{"line":22,"column":6},"end":{"line":22,"column":102}},"7":{"start":{"line":24,"column":4},"end":{"line":26,"column":5}},"8":{"start":{"line":25,"column":6},"end":{"line":25,"column":103}},"9":{"start":{"line":27,"column":4},"end":{"line":29,"column":5}},"10":{"start":{"line":28,"column":6},"end":{"line":28,"column":187}},"11":{"start":{"line":31,"column":4},"end":{"line":31,"column":68}},"12":{"start":{"line":32,"column":4},"end":{"line":32,"column":70}},"13":{"start":{"line":34,"column":23},"end":{"line":34,"column":80}},"14":{"start":{"line":35,"column":4},"end":{"line":37,"column":5}},"15":{"start":{"line":36,"column":6},"end":{"line":36,"column":137}},"16":{"start":{"line":39,"column":19},"end":{"line":39,"column":56}},"17":{"start":{"line":40,"column":4},"end":{"line":40,"column":42}},"18":{"start":{"line":46,"column":23},"end":{"line":46,"column":91}},"19":{"start":{"line":47,"column":4},"end":{"line":49,"column":5}},"20":{"start":{"line":48,"column":6},"end":{"line":48,"column":112}},"21":{"start":{"line":50,"column":19},"end":{"line":50,"column":54}},"22":{"start":{"line":51,"column":4},"end":{"line":51,"column":42}},"23":{"start":{"line":54,"column":4},"end":{"line":56,"column":5}},"24":{"start":{"line":55,"column":6},"end":{"line":55,"column":98}},"25":{"start":{"line":57,"column":17},"end":{"line":57,"column":96}},"26":{"start":{"line":58,"column":4},"end":{"line":64,"column":5}},"27":{"start":{"line":59,"column":21},"end":{"line":59,"column":96}},"28":{"start":{"line":60,"column":6},"end":{"line":60,"column":44}},"29":{"start":{"line":62,"column":22},"end":{"line":62,"column":53}},"30":{"start":{"line":63,"column":6},"end":{"line":63,"column":45}},"31":{"start":{"line":67,"column":4},"end":{"line":69,"column":5}},"32":{"start":{"line":68,"column":6},"end":{"line":68,"column":131}},"33":{"start":{"line":70,"column":4},"end":{"line":72,"column":5}},"34":{"start":{"line":71,"column":6},"end":{"line":71,"column":105}},"35":{"start":{"line":73,"column":4},"end":{"line":75,"column":5}},"36":{"start":{"line":74,"column":6},"end":{"line":74,"column":102}},"37":{"start":{"line":76,"column":4},"end":{"line":78,"column":5}},"38":{"start":{"line":77,"column":6},"end":{"line":77,"column":103}},"39":{"start":{"line":79,"column":4},"end":{"line":79,"column":68}},"40":{"start":{"line":80,"column":4},"end":{"line":80,"column":70}},"41":{"start":{"line":82,"column":17},"end":{"line":82,"column":153}},"42":{"start":{"line":84,"column":4},"end":{"line":93,"column":5}},"43":{"start":{"line":85,"column":21},"end":{"line":85,"column":96}},"44":{"start":{"line":86,"column":6},"end":{"line":86,"column":44}},"45":{"start":{"line":87,"column":11},"end":{"line":93,"column":5}},"46":{"start":{"line":88,"column":23},"end":{"line":88,"column":103}},"47":{"start":{"line":89,"column":6},"end":{"line":89,"column":46}},"48":{"start":{"line":91,"column":23},"end":{"line":91,"column":54}},"49":{"start":{"line":92,"column":6},"end":{"line":92,"column":46}},"50":{"start":{"line":96,"column":4},"end":{"line":98,"column":5}},"51":{"start":{"line":97,"column":6},"end":{"line":97,"column":131}},"52":{"start":{"line":99,"column":4},"end":{"line":101,"column":5}},"53":{"start":{"line":100,"column":6},"end":{"line":100,"column":105}},"54":{"start":{"line":102,"column":4},"end":{"line":104,"column":5}},"55":{"start":{"line":103,"column":6},"end":{"line":103,"column":187}},"56":{"start":{"line":106,"column":17},"end":{"line":106,"column":131}},"57":{"start":{"line":108,"column":4},"end":{"line":117,"column":5}},"58":{"start":{"line":109,"column":21},"end":{"line":109,"column":96}},"59":{"start":{"line":110,"column":6},"end":{"line":110,"column":44}},"60":{"start":{"line":111,"column":11},"end":{"line":117,"column":5}},"61":{"start":{"line":112,"column":23},"end":{"line":112,"column":103}},"62":{"start":{"line":113,"column":6},"end":{"line":113,"column":46}},"63":{"start":{"line":115,"column":23},"end":{"line":115,"column":54}},"64":{"start":{"line":116,"column":6},"end":{"line":116,"column":46}},"65":{"start":{"line":120,"column":4},"end":{"line":122,"column":5}},"66":{"start":{"line":121,"column":6},"end":{"line":121,"column":125}},"67":{"start":{"line":123,"column":4},"end":{"line":125,"column":5}},"68":{"start":{"line":124,"column":6},"end":{"line":124,"column":105}},"69":{"start":{"line":126,"column":17},"end":{"line":126,"column":108}},"70":{"start":{"line":128,"column":4},"end":{"line":137,"column":5}},"71":{"start":{"line":129,"column":21},"end":{"line":129,"column":96}},"72":{"start":{"line":130,"column":6},"end":{"line":130,"column":44}},"73":{"start":{"line":131,"column":11},"end":{"line":137,"column":5}},"74":{"start":{"line":132,"column":23},"end":{"line":132,"column":105}},"75":{"start":{"line":133,"column":6},"end":{"line":133,"column":46}},"76":{"start":{"line":135,"column":23},"end":{"line":135,"column":54}},"77":{"start":{"line":136,"column":6},"end":{"line":136,"column":46}},"78":{"start":{"line":140,"column":0},"end":{"line":140,"column":31}}},"fnMap":{"0":{"name":"create","decl":{"start":{"line":12,"column":19},"end":{"line":12,"column":25}},"loc":{"start":{"line":12,"column":36},"end":{"line":41,"column":3}},"line":12},"1":{"name":"getAllInterventions","decl":{"start":{"line":45,"column":32},"end":{"line":45,"column":51}},"loc":{"start":{"line":45,"column":62},"end":{"line":52,"column":3}},"line":45},"2":{"name":"fetchSpecificIntervention","decl":{"start":{"line":53,"column":38},"end":{"line":53,"column":63}},"loc":{"start":{"line":53,"column":74},"end":{"line":65,"column":3}},"line":53},"3":{"name":"editLocationIntervention","decl":{"start":{"line":66,"column":37},"end":{"line":66,"column":61}},"loc":{"start":{"line":66,"column":72},"end":{"line":94,"column":3}},"line":66},"4":{"name":"editCommentIntervention","decl":{"start":{"line":95,"column":36},"end":{"line":95,"column":59}},"loc":{"start":{"line":95,"column":70},"end":{"line":118,"column":3}},"line":95},"5":{"name":"deleteIntervention","decl":{"start":{"line":119,"column":31},"end":{"line":119,"column":49}},"loc":{"start":{"line":119,"column":60},"end":{"line":138,"column":3}},"line":119}},"branchMap":{"0":{"loc":{"start":{"line":17,"column":4},"end":{"line":19,"column":5}},"type":"if","locations":[{"start":{"line":17,"column":4},"end":{"line":19,"column":5}},{"start":{"line":17,"column":4},"end":{"line":19,"column":5}}],"line":17},"1":{"loc":{"start":{"line":17,"column":8},"end":{"line":17,"column":154}},"type":"binary-expr","locations":[{"start":{"line":17,"column":8},"end":{"line":17,"column":24}},{"start":{"line":17,"column":28},"end":{"line":17,"column":54}},{"start":{"line":17,"column":58},"end":{"line":17,"column":85}},{"start":{"line":17,"column":89},"end":{"line":17,"column":115}},{"start":{"line":17,"column":119},"end":{"line":17,"column":154}}],"line":17},"2":{"loc":{"start":{"line":21,"column":4},"end":{"line":23,"column":5}},"type":"if","locations":[{"start":{"line":21,"column":4},"end":{"line":23,"column":5}},{"start":{"line":21,"column":4},"end":{"line":23,"column":5}}],"line":21},"3":{"loc":{"start":{"line":21,"column":8},"end":{"line":21,"column":185}},"type":"binary-expr","locations":[{"start":{"line":21,"column":8},"end":{"line":21,"column":26}},{"start":{"line":21,"column":30},"end":{"line":21,"column":58}},{"start":{"line":21,"column":62},"end":{"line":21,"column":91}},{"start":{"line":21,"column":95},"end":{"line":21,"column":117}},{"start":{"line":21,"column":121},"end":{"line":21,"column":144}},{"start":{"line":21,"column":148},"end":{"line":21,"column":185}}],"line":21},"4":{"loc":{"start":{"line":24,"column":4},"end":{"line":26,"column":5}},"type":"if","locations":[{"start":{"line":24,"column":4},"end":{"line":26,"column":5}},{"start":{"line":24,"column":4},"end":{"line":26,"column":5}}],"line":24},"5":{"loc":{"start":{"line":24,"column":8},"end":{"line":24,"column":192}},"type":"binary-expr","locations":[{"start":{"line":24,"column":8},"end":{"line":24,"column":27}},{"start":{"line":24,"column":31},"end":{"line":24,"column":60}},{"start":{"line":24,"column":64},"end":{"line":24,"column":94}},{"start":{"line":24,"column":98},"end":{"line":24,"column":122}},{"start":{"line":24,"column":126},"end":{"line":24,"column":151}},{"start":{"line":24,"column":155},"end":{"line":24,"column":192}}],"line":24},"6":{"loc":{"start":{"line":27,"column":4},"end":{"line":29,"column":5}},"type":"if","locations":[{"start":{"line":27,"column":4},"end":{"line":29,"column":5}},{"start":{"line":27,"column":4},"end":{"line":29,"column":5}}],"line":27},"7":{"loc":{"start":{"line":27,"column":8},"end":{"line":27,"column":130}},"type":"binary-expr","locations":[{"start":{"line":27,"column":8},"end":{"line":27,"column":25}},{"start":{"line":27,"column":29},"end":{"line":27,"column":56}},{"start":{"line":27,"column":60},"end":{"line":27,"column":90}},{"start":{"line":27,"column":94},"end":{"line":27,"column":130}}],"line":27},"8":{"loc":{"start":{"line":35,"column":4},"end":{"line":37,"column":5}},"type":"if","locations":[{"start":{"line":35,"column":4},"end":{"line":37,"column":5}},{"start":{"line":35,"column":4},"end":{"line":37,"column":5}}],"line":35},"9":{"loc":{"start":{"line":47,"column":4},"end":{"line":49,"column":5}},"type":"if","locations":[{"start":{"line":47,"column":4},"end":{"line":49,"column":5}},{"start":{"line":47,"column":4},"end":{"line":49,"column":5}}],"line":47},"10":{"loc":{"start":{"line":54,"column":4},"end":{"line":56,"column":5}},"type":"if","locations":[{"start":{"line":54,"column":4},"end":{"line":56,"column":5}},{"start":{"line":54,"column":4},"end":{"line":56,"column":5}}],"line":54},"11":{"loc":{"start":{"line":54,"column":8},"end":{"line":54,"column":107}},"type":"binary-expr","locations":[{"start":{"line":54,"column":8},"end":{"line":54,"column":22}},{"start":{"line":54,"column":26},"end":{"line":54,"column":50}},{"start":{"line":54,"column":54},"end":{"line":54,"column":79}},{"start":{"line":54,"column":83},"end":{"line":54,"column":107}}],"line":54},"12":{"loc":{"start":{"line":58,"column":4},"end":{"line":64,"column":5}},"type":"if","locations":[{"start":{"line":58,"column":4},"end":{"line":64,"column":5}},{"start":{"line":58,"column":4},"end":{"line":64,"column":5}}],"line":58},"13":{"loc":{"start":{"line":67,"column":4},"end":{"line":69,"column":5}},"type":"if","locations":[{"start":{"line":67,"column":4},"end":{"line":69,"column":5}},{"start":{"line":67,"column":4},"end":{"line":69,"column":5}}],"line":67},"14":{"loc":{"start":{"line":67,"column":8},"end":{"line":67,"column":107}},"type":"binary-expr","locations":[{"start":{"line":67,"column":8},"end":{"line":67,"column":22}},{"start":{"line":67,"column":26},"end":{"line":67,"column":50}},{"start":{"line":67,"column":54},"end":{"line":67,"column":79}},{"start":{"line":67,"column":83},"end":{"line":67,"column":107}}],"line":67},"15":{"loc":{"start":{"line":70,"column":4},"end":{"line":72,"column":5}},"type":"if","locations":[{"start":{"line":70,"column":4},"end":{"line":72,"column":5}},{"start":{"line":70,"column":4},"end":{"line":72,"column":5}}],"line":70},"16":{"loc":{"start":{"line":70,"column":8},"end":{"line":70,"column":154}},"type":"binary-expr","locations":[{"start":{"line":70,"column":8},"end":{"line":70,"column":24}},{"start":{"line":70,"column":28},"end":{"line":70,"column":54}},{"start":{"line":70,"column":58},"end":{"line":70,"column":85}},{"start":{"line":70,"column":89},"end":{"line":70,"column":115}},{"start":{"line":70,"column":119},"end":{"line":70,"column":154}}],"line":70},"17":{"loc":{"start":{"line":73,"column":4},"end":{"line":75,"column":5}},"type":"if","locations":[{"start":{"line":73,"column":4},"end":{"line":75,"column":5}},{"start":{"line":73,"column":4},"end":{"line":75,"column":5}}],"line":73},"18":{"loc":{"start":{"line":73,"column":8},"end":{"line":73,"column":185}},"type":"binary-expr","locations":[{"start":{"line":73,"column":8},"end":{"line":73,"column":26}},{"start":{"line":73,"column":30},"end":{"line":73,"column":58}},{"start":{"line":73,"column":62},"end":{"line":73,"column":91}},{"start":{"line":73,"column":95},"end":{"line":73,"column":117}},{"start":{"line":73,"column":121},"end":{"line":73,"column":144}},{"start":{"line":73,"column":148},"end":{"line":73,"column":185}}],"line":73},"19":{"loc":{"start":{"line":76,"column":4},"end":{"line":78,"column":5}},"type":"if","locations":[{"start":{"line":76,"column":4},"end":{"line":78,"column":5}},{"start":{"line":76,"column":4},"end":{"line":78,"column":5}}],"line":76},"20":{"loc":{"start":{"line":76,"column":8},"end":{"line":76,"column":192}},"type":"binary-expr","locations":[{"start":{"line":76,"column":8},"end":{"line":76,"column":27}},{"start":{"line":76,"column":31},"end":{"line":76,"column":60}},{"start":
[...]
"column":9}},"37":{"start":{"line":65,"column":8},"end":{"line":68,"column":9}},"38":{"start":{"line":66,"column":10},"end":{"line":66,"column":38}},"39":{"start":{"line":67,"column":10},"end":{"line":67,"column":35}},"40":{"start":{"line":70,"column":6},"end":{"line":70,"column":31}},"41":{"start":{"line":75,"column":6},"end":{"line":75,"column":27}},"42":{"start":{"line":80,"column":24},"end":{"line":80,"column":29}},"43":{"start":{"line":81,"column":6},"end":{"line":93,"column":9}},"44":{"start":{"line":82,"column":8},"end":{"line":92,"column":9}},"45":{"start":{"line":83,"column":10},"end":{"line":83,"column":57}},"46":{"start":{"line":84,"column":10},"end":{"line":87,"column":12}},"47":{"start":{"line":88,"column":10},"end":{"line":88,"column":29}},"48":{"start":{"line":89,"column":15},"end":{"line":92,"column":9}},"49":{"start":{"line":90,"column":10},"end":{"line":90,"column":29}},"50":{"start":{"line":91,"column":10},"end":{"line":91,"column":29}},"51":{"start":{"line":94,"column":6},"end":{"line":94,"column":25}},"52":{"start":{"line":99,"column":24},"end":{"line":99,"column":29}},"53":{"start":{"line":100,"column":6},"end":{"line":112,"column":9}},"54":{"start":{"line":101,"column":8},"end":{"line":111,"column":9}},"55":{"start":{"line":102,"column":10},"end":{"line":102,"column":36}},"56":{"start":{"line":103,"column":10},"end":{"line":106,"column":12}},"57":{"start":{"line":107,"column":10},"end":{"line":107,"column":29}},"58":{"start":{"line":108,"column":15},"end":{"line":111,"column":9}},"59":{"start":{"line":109,"column":10},"end":{"line":109,"column":29}},"60":{"start":{"line":110,"column":10},"end":{"line":110,"column":29}},"61":{"start":{"line":113,"column":6},"end":{"line":113,"column":25}},"62":{"start":{"line":118,"column":24},"end":{"line":118,"column":29}},"63":{"start":{"line":119,"column":6},"end":{"line":131,"column":9}},"64":{"start":{"line":120,"column":8},"end":{"line":130,"column":9}},"65":{"start":{"line":121,"column":10},"end":{"line":121,"column":41}},"66":{"start":{"line":122,"column":10},"end":{"line":125,"column":12}},"67":{"start":{"line":126,"column":10},"end":{"line":126,"column":29}},"68":{"start":{"line":127,"column":15},"end":{"line":130,"column":9}},"69":{"start":{"line":128,"column":10},"end":{"line":128,"column":29}},"70":{"start":{"line":129,"column":10},"end":{"line":129,"column":29}},"71":{"start":{"line":132,"column":6},"end":{"line":132,"column":25}},"72":{"start":{"line":136,"column":2},"end":{"line":136,"column":27}},"73":{"start":{"line":139,"column":28},"end":{"line":139,"column":83}}},"fnMap":{"0":{"name":"(anonymous_0)","decl":{"start":{"line":8,"column":19},"end":{"line":8,"column":20}},"loc":{"start":{"line":8,"column":31},"end":{"line":8,"column":561}},"line":8},"1":{"name":"defineProperties","decl":{"start":{"line":8,"column":42},"end":{"line":8,"column":58}},"loc":{"start":{"line":8,"column":74},"end":{"line":8,"column":349}},"line":8},"2":{"name":"(anonymous_2)","decl":{"start":{"line":8,"column":357},"end":{"line":8,"column":358}},"loc":{"start":{"line":8,"column":405},"end":{"line":8,"column":558}},"line":8},"3":{"name":"_classCallCheck","decl":{"start":{"line":12,"column":9},"end":{"line":12,"column":24}},"loc":{"start":{"line":12,"column":48},"end":{"line":12,"column":153}},"line":12},"4":{"name":"(anonymous_4)","decl":{"start":{"line":16,"column":24},"end":{"line":16,"column":25}},"loc":{"start":{"line":16,"column":36},"end":{"line":137,"column":1}},"line":16},"5":{"name":"InterventionClass","decl":{"start":{"line":17,"column":11},"end":{"line":17,"column":28}},"loc":{"start":{"line":17,"column":31},"end":{"line":19,"column":3}},"line":17},"6":{"name":"create","decl":{"start":{"line":26,"column":20},"end":{"line":26,"column":26}},"loc":{"start":{"line":26,"column":33},"end":{"line":59,"column":5}},"line":26},"7":{"name":"getSpecificIntervention","decl":{"start":{"line":62,"column":20},"end":{"line":62,"column":43}},"loc":{"start":{"line":62,"column":48},"end":{"line":71,"column":5}},"line":62},"8":{"name":"(anonymous_8)","decl":{"start":{"line":64,"column":28},"end":{"line":64,"column":29}},"loc":{"start":{"line":64,"column":47},"end":{"line":69,"column":7}},"line":64},"9":{"name":"getAllinterventionRecords","decl":{"start":{"line":74,"column":20},"end":{"line":74,"column":45}},"loc":{"start":{"line":74,"column":48},"end":{"line":76,"column":5}},"line":74},"10":{"name":"editInterventionLocation","decl":{"start":{"line":79,"column":20},"end":{"line":79,"column":44}},"loc":{"start":{"line":79,"column":78},"end":{"line":95,"column":5}},"line":79},"11":{"name":"(anonymous_11)","decl":{"start":{"line":81,"column":28},"end":{"line":81,"column":29}},"loc":{"start":{"line":81,"column":47},"end":{"line":93,"column":7}},"line":81},"12":{"name":"editInterventionComment","decl":{"start":{"line":98,"column":20},"end":{"line":98,"column":43}},"loc":{"start":{"line":98,"column":65},"end":{"line":114,"column":5}},"line":98},"13":{"name":"(anonymous_13)","decl":{"start":{"line":100,"column":28},"end":{"line":100,"column":29}},"loc":{"start":{"line":100,"column":47},"end":{"line":112,"column":7}},"line":100},"14":{"name":"deleteIntervention","decl":{"start":{"line":117,"column":20},"end":{"line":117,"column":38}},"loc":{"start":{"line":117,"column":51},"end":{"line":133,"column":5}},"line":117},"15":{"name":"(anonymous_15)","decl":{"start":{"line":119,"column":28},"end":{"line":119,"column":29}},"loc":{"start":{"line":119,"column":54},"end":{"line":131,"column":7}},"line":119}},"branchMap":{"0":{"loc":{"start":{"line":8,"column":168},"end":{"line":8,"column":198}},"type":"binary-expr","locations":[{"start":{"line":8,"column":168},"end":{"line":8,"column":189}},{"start":{"line":8,"column":193},"end":{"line":8,"column":198}}],"line":8},"1":{"loc":{"start":{"line":8,"column":232},"end":{"line":8,"column":286}},"type":"if","locations":[{"start":{"line":8,"column":232},"end":{"line":8,"column":286}},{"start":{"line":8,"column":232},"end":{"line":8,"column":286}}],"line":8},"2":{"loc":{"start":{"line":8,"column":407},"end":{"line":8,"column":475}},"type":"if","locations":[{"start":{"line":8,"column":407},"end":{"line":8,"column":475}},{"start":{"line":8,"column":407},"end":{"line":8,"column":475}}],"line":8},"3":{"loc":{"start":{"line":8,"column":476},"end":{"line":8,"column":536}},"type":"if","locations":[{"start":{"line":8,"column":476},"end":{"line":8,"column":536}},{"start":{"line":8,"column":476},"end":{"line":8,"column":536}}],"line":8},"4":{"loc":{"start":{"line":12,"column":50},"end":{"line":12,"column":151}},"type":"if","locations":[{"start":{"line":12,"column":50},"end":{"line":12,"column":151}},{"start":{"line":12,"column":50},"end":{"line":12,"column":151}}],"line":12},"5":{"loc":{"start":{"line":46,"column":6},"end":{"line":58,"column":7}},"type":"if","locations":[{"start":{"line":46,"column":6},"end":{"line":58,"column":7}},{"start":{"line":46,"column":6},"end":{"line":58,"column":7}}],"line":46},"6":{"loc":{"start":{"line":65,"column":8},"end":{"line":68,"column":9}},"type":"if","locations":[{"start":{"line":65,"column":8},"end":{"line":68,"column":9}},{"start":{"line":65,"column":8},"end":{"line":68,"column":9}}],"line":65},"7":{"loc":{"start":{"line":82,"column":8},"end":{"line":92,"column":9}},"type":"if","locations":[{"start":{"line":82,"column":8},"end":{"line":92,"column":9}},{"start":{"line":82,"column":8},"end":{"line":92,"column":9}}],"line":82},"8":{"loc":{"start":{"line":82,"column":12},"end":{"line":82,"column":61}},"type":"binary-expr","locations":[{"start":{"line":82,"column":12},"end":{"line":82,"column":29}},{"start":{"line":82,"column":33},"end":{"line":82,"column":61}}],"line":82},"9":{"loc":{"start":{"line":89,"column":15},"end":{"line":92,"column":9}},"type":"if","locations":[{"start":{"line":89,"column":15},"end":{"line":92,"column":9}},{"start":{"line":89,"column":15},"end":{"line":92,"column":9}}],"line":89},"10":{"loc":{"start":{"line":101,"column":8},"end":{"line":111,"column":9}},"type":"if","locations":[{"start":{"line":101,"column":8},"end":{"line":111,"column":9}},{"start":{"line":101,"column":8},"end":{"line":111,"column":9}}],"line":101},"11":{"loc":{"start":{"line":101,"column":12},"end":{"line":101,"column":61}},"type":"binary-expr","locations":[{"start":{"line":101,"column":12},"end":{"line":101,"column":29}},{"start":{"line":101,"column":33},"end":{"line":101,"column":61}}],"line":101},"12":{"loc":{"start":{"line":108,"column":15},"end":{"line":111,"column":9}},"type":"if","locations":[{"start":{"line":108,"column":15},"end":{"line":111,"column":9}},{"start":{"line":108,"column":15},"end":{"line":111,"column":9}}],"line":108},"13":{"loc":{"start":{"line":120,"column":8},"end":{"line":130,"column":9}},"type":"if","locations":[{"start":{"line":120,"column":8},"end":{"line":130,"column":9}},{"start":{"line":120,"column":8},"end":{"line":130,"column":9}}],"line":120},"14":{"loc":{"start":{"line":120,"column":12},"end":{"line":120,"column":61}},"type":"binary-expr","locations":[{"start":{"line":120,"column":12},"end":{"line":120,"column":29}},{"start":{"line":120,"column":33},"end":{"line":120,"column":61}}],"line":120},"15":{"loc":{"start":{"line":127,"column":15},"end":{"line":130,"column":9}},"type":"if","locations":[{"start":{"line":127,"column":15},"end":{"line":130,"column":9}},{"start":{"line":127,"column":15},"end":{"line":130,"column":9}}],"line":127}},"s":{"0":1,"1":1,"2":1,"3":1,"4":6,"5":6,"6":6,"7":6,"8":6,"9":6,"10":1,"11":1,"12":1,"13":1,"14":0,"15":1,"16":1,"17":1,"18":0,"19":1,"20":1,"21":1,"22":1,"23":1,"24":1,"25":8,"26":8,"27":1,"28":1,"29":1,"30":0,"31":0,"32":0,"33":0,"34":1,"35":1,"36":1,"37":0,"38":0,"39":0,"40":1,"41":1,"42":0,"43":0,"44":0,"45":0,"46":0,"47":0,"48":0,"49":0,"50":0,"51":0,"52":0,"53":0,"54":0,"55":0,"56":0,"57":0,"58":0,"59":0,"60":0,"61":0,"62":0,"63":0,"64":0,"65":0,"66":0,"67":0,"68":0,"69":0,"70":0,"71":0,"72":1,"73":1},"f":{"0":1,"1":1,"2":1,"3":1,"4":1,"5":1,"6":1,"7":1,"8":0,"9":1,"10":0,"11":0,"12":0,"13":0,"14":0,"15":0},"b":{"0":[6,6],"1":[6,0],"2":[1,0],"3":[0,1],"4":[0,1],"5":[0,1],"6":[0,0],"7":[0,0],"8":[0,0],"9":[0,0],"10":[0,0],"11":[0,0],"12":[0,0],"13":[0,0],"14":[0,0],"15":[0,0]},"_coverageSchema":"43e27e138ebf9cfc5966b082cf9a028302ed4184","hash":"556b91f457001bf00c032c7cd5abbfa9a66e1b90","contentHash":"e00d0f72eea93ca73230b63b1d1605fb"},"C:\\Users\\Edgar\\Desktop\\Camp de Boot\\iReporter\\build\\src\\controllers\\adminController.js":{"path":"C:\\Users\\Edgar\\Desktop\\Camp de Boot\\iReporter\\build\\src\\controllers\\adminController.js","statementMap":{"0":{"start":{"line":3,"column":0},"end":{"line":5,"column":3}},"1":{"start":{"line":7,"column":18},"end":{"line":7,"column":49}},"2":{"start":{"line":9,"column":12},"end":{"line":23,"column":1}},"3":{"start":{"line":11,"column":4},"end":{"line":13,"column":5}},"4":{"start":{"line":12,"column":6},"end":{"line":12,"column":98}},"5":{"start":{"line":14,"column":17},"end":{"line":14,"column":100}},"6":{"start":{"line":15,"column":4},"end":{"line":21,"column":5}},"7":{"start":{"line":16,"column":21},"end":{"line":16,"column":83}},"8":{"start":{"line":17,"column":6},"end":{"line":17,"column":44}},"9":{"start":{"line":19,"column":22},"end":{"line":19,"column":53}},"10":{"start":{"line":20,"column":6},"end":{"line":20,"column":45}},"11":{"start":{"line":24,"column":0},"end":{"line":24,"column":24}}},"fnMap":{"0":{"name":"editStatus","decl":{"start":{"line":10,"column":23},"end":{"line":10,"column":33}},"loc":{"start":{"line":10,"column":44},"end":{"line":22,"column":3}},"line":10}},"branchMap":{"0":{"loc":{"start":{"line":11,"column":4},"end":{"line":13,"column":5}},"type":"if","locations":[{"start":{"line":11,"column":4},"end":{"line":13,"column":5}},{"start":{"line":11,"column":4},"end":{"line":13,"column":5}}],"line":11},"1":{"loc":{"start":{"line":11,"column":8},"end":{"line":11,"column":107}},"type":"binary-expr","locations":[{"start":{"line":11,"column":8},"end":{"line":11,"column":22}},{"start":{"line":11,"column":26},"end":{"line":11,"column":50}},{"start":{"line":11,"column":54},"end":{"line":11,"column":79}},{"start":{"line":11,"column":83},"end":{"line":11,"column":107}}],"line":11},"2":{"loc":{"start":{"line":15,"column":4},"end":{"line":21,"column":5}},"type":"if","locations":[{"start":{"line":15,"column":4},"end":{"line":21,"column":5}},{"start":{"line":15,"column":4},"end":{"line":21,"column":5}}],"line":15}},"s":{"0":1,"1":1,"2":1,"3":2,"4":0,"5":2,"6":2,"7":2,"8":2,"9":0,"10":0,"11":1},"f":{"0":2},"b":{"0":[0,2],"1":[2,2,2,2],"2":[2,0]},"_coverageSchema":"43e27e138ebf9cfc5966b082cf9a028302ed4184","hash":"7e7de850126bb6c09c82a88aa781db457d1df6a6","contentHash":"632adbc044236a21af307332ebbd8ad0"},"C:\\Users\\Edgar\\Desktop\\Camp de Boot\\iReporter\\build\\src\\models\\adminModel.js":{"path":"C:\\Users\\Edgar\\Desktop\\Camp de Boot\\iReporter\\build\\src\\models\\adminModel.js","statementMap":{"0":{"start":{"line":3,"column":0},"end":{"line":5,"column":3}},"1":{"start":{"line":6,"column":0},"end":{"line":6,"column":35}},"2":{"start":{"line":8,"column":19},"end":{"line":8,"column":563}},"3":{"start":{"line":8,"column":76},"end":{"line":8,"column":347}},"4":{"start":{"line":8,"column":134},"end":{"line":8,"column":142}},"5":{"start":{"line":8,"column":144},"end":{"line":8,"column":199}},"6":{"start":{"line":8,"column":200},"end":{"line":8,"column":231}},"7":{"start":{"line":8,"column":232},"end":{"line":8,"column":286}},"8":{"start":{"line":8,"column":259},"end":{"line":8,"column":286}},"9":{"start":{"line":8,"column":287},"end":{"line":8,"column":345}},"10":{"start":{"line":8,"column":350},"end":{"line":8,"column":559}},"11":{"start":{"line":8,"column":407},"end":{"line":8,"column":475}},"12":{"start":{"line":8,"column":423},"end":{"line":8,"column":475}},"13":{"start":{"line":8,"column":476},"end":{"line":8,"column":536}},"14":{"start":{"line":8,"column":493},"end":{"line":8,"column":536}},"15":{"start":{"line":8,"column":537},"end":{"line":8,"column":556}},"16":{"start":{"line":10,"column":20},"end":{"line":10,"column":53}},"17":{"start":{"line":12,"column":25},"end":{"line":12,"column":63}},"18":{"start":{"line":14,"column":50},"end":{"line":14,"column":151}},"19":{"start":{"line":14,"column":92},"end":{"line":14,"column":149}},"20":{"start":{"line":16,"column":17},"end":{"line":54,"column":3}},"21":{"start":{"line":18,"column":8},"end":{"line":18,"column":42}},"22":{"start":{"line":21,"column":4},"end":{"line":51,"column":8}},"23":{"start":{"line":24,"column":30},"end":{"line":24,"column":35}},"24":{"start":{"line":25,"column":12},"end":{"line":47,"column":13}},"25":{"start":{"line":26,"column":16},"end":{"line":35,"column":19}},"26":{"start":{"line":27,"column":20},"end":{"line":34,"column":21}},"27":{"start":{"line":28,"column":24},"end":{"line":28,"column":48}},"28":{"start":{"line":29,"column":24},"end":{"line":32,"column":26}},"29":{"start":{"line":33,"column":24},"end":{"line":33,"column":43}},"30":{"start":{"line":36,"column":19},"end":{"line":47,"column":13}},"31":{"start":{"line":37,"column":16},"end":{"line":46,"column":19}},"32":{"start":{"line":38,"column":20},"end":{"line":45,"column":21}},"33":{"start":{"line":39,"column":24},"end":{"line":39,"column":48}},"34":{"start":{"line":40,"column":24},"end":{"line":43,"column":26}},"35":{"start":{"line":44,"column":24},"end":{"line":44,"column":43}},"36":{"start":{"line":49,"column":12},"end":{"line":49,"column":31}},"37":{"start":{"line":53,"column":4},"end":{"line":53,"column":22}},"38":{"start":{"line":56,"column":21},"end":{"line":56,"column":62}}},"fnMap":{"0":{"name":"(anonymous_0)","decl":{"start":{"line":8,"column":19},"end":{"line":8,"column":20}},"loc":{"start":{"line":8,"column":31},"end":{"line":8,"column":561}},"line":8},"1":{"name":"defineProperties","decl":{"start":{"line":8,"column":42},"end":{"line":8,"column":58}},"loc":{"start":{"line":8,"column":74},"end":{"line":8,"column":349}},"line":8},"2":{"name":"(anonymous_2)","decl":{"start":{"line":8,"column":357},"end":{"line":8,"column":358}},"loc":{"start":{"line":8,"column":405},"end":{"line":8,"column":558}},"line":8},"3":{"name":"_classCallCheck","decl":{"start":{"line":14,"column":9},"end":{"line":14,"column":24}},"loc":{"start":{"line":14,"column":48},"end":{"line":14,"column":153}},"line":14},"4":{"name":"(anonymous_4)","decl":{"start":{"line":16,"column":17},"end":{"line":16,"column":18}},"loc":{"start":{"line":16,"column":29},"end":{"line":54,"column":1}},"line":16},"5":{"name":"AdminClass","decl":{"start":{"line":17,"column":13},"end":{"line":17,"column":23}},"loc":{"start":{"line":17,"column":26},"end":{"line":19,"column":5}},"line":17},"6":{"name":"setStatus","decl":{"start":{"line":23,"column":24},"end":{"line":23,"column":33}},"loc":{"start":{"line":23,"column":52},"end":{"line":50,"column":9}},"line":23},"7":{"name":"(anonymous_7)","decl":{"start":{"line":26,"column":57},"end":{"line":26,"column":58}},"loc":{"start":{"line":26,"column":76},"end":{"line":35,"column":17}},"line":26},"8":{"name":"(anonymous_8)","decl":{"start":{"line":37,"column":47},"end":{"line":37,"column":48}},"loc":{"start":{"line":37,"column":66},"end":{"line":46,"column":17}},"line":37}},"branchMap":{"0":{"loc":{"start":{"line":8,"column":168},"end":{"line":8,"column":198}},"type":"binary-expr","locations":[{"start":{"line":8,"column":168},"end":{"line":8,"column":189}},{"start":{"line":8,"column":193},"end":{"line":8,"column":198}}],"line":8},"1":{"loc":{"start":{"line":8,"column":232},"end":{"line":8,"column":286}},"type":"if","locations":[{"start":{"line":8,"column":232},"end":{"line":8,"column":286}},{"start":{"line":8,"column":232},"end":{"line":8,"column":286}}],"line":8},"2":{"loc":{"start":{"line":8,"column":407},"end":{"line":8,"column":475}},"type":"if","locations":[{"start":{"line":8,"column":407},"end":{"line":8,"column":475}},{"start":{"line":8,"column":407},"end":{"line":8,"column":475}}],"line":8},"3":{"loc":{"start":{"line":8,"column":476},"end":{"line":8,"column":536}},"type":"if","locations":[{"start":{"line":8,"column":476},"end":{"line":8,"column":536}},{"start":{"line":8,"column":476},"end":{"line":8,"column":536}}],"line":8},"4":{"loc":{"start":{"line":14,"column":50},"end":{"line":14,"column":151}},"type":"if","locations":[{"start":{"line":14,"column":50},"end":{"line":14,"column":151}},{"start":{"line":14,"column":50},"end":{"line":14,"column":151}}],"line":14},"5":{"loc":{"start":{"line":25,"column":12},"end":{"line":47,"column":13}},"type":"if","locations":[{"start":{"line":25,"column":12},"end":{"line":47,"column":13}},{"start":{"line":25,"column":12},"end":{"line":47,"column":13}}],"line":25},"6":{"loc":{"start":{"line":27,"column":20},"end":{"line":34,"column":21}},"type":"if","locations":[{"start":{"line":27,"column":20},"end":{"line":34,"column":21}},{"start":{"line":27,"column":20},"end":{"line":34,"column":21}}],"line":27},"7":{"loc":{"start":{"line":36,"column":19},"end":{"line":47,"column":13}},"type":"if","locations":[{"start":{"line":36,"column":19},"end":{"line":47,"column":13}},{"start":{"line":36,"column":19},"end":{"line":47,"column":13}}],"line":36},"8":{"loc":{"start":{"line":38,"column":20},"end":{"line":45,"column":21}},"type":"if","locations":[{"start":{"line":38,"column":20},"end":{"line":45,"column":21}},{"start":{"line":38,"column":20},"end":{"line":45,"column":21}}],"line":38}},"s":{"0":1,"1":1,"2":1,"3":1,"4":1,"5":1,"6":1,"7":1,"8":1,"9":1,"10":1,"11":1,"12":1,"13":1,"14":0,"15":1,"16":1,"17":1,"18":1,"19":0,"20":1,"21":1,"22":1,"23":2,"24":2,"25":1,"26":0,"27":0,"28":0,"29":0,"30":1,"31":1,"32":0,"33":0,"34":0,"35":0,"36":2,"37":1,"38":1},"f":{"0":1,"1":1,"2":1,"3":1,"4":1,"5":1,"6":2,"7":0,"8":0},"b":{"0":[1,1],"1":[1,0],"2":[1,0],"3":[0,1],"4":[0,1],"5":[1,1],"6":[0,0],"7":[1,0],"8":[0,0]},"_coverageSchema":"43e27e138ebf9cfc5966b082cf9a028302ed4184","hash":"e0839a8a4ae4ff972b19db51f93119996a723d63","contentHash":"8056ec855d317e479b0ad2614545bf62"}}